{"/Users/sofaberezina/Rallyn/activity-platform/src/app/providers/AuthProvider.tsx": {"path":"/Users/sofaberezina/Rallyn/activity-platform/src/app/providers/AuthProvider.tsx","statementMap":{"0":{"start":{"line":12,"column":6},"end":{"line":12,"column":63}},"1":{"start":{"line":18,"column":13},"end":{"line":34,"column":null}},"2":{"start":{"line":19,"column":15},"end":{"line":19,"column":53}},"3":{"start":{"line":20,"column":18},"end":{"line":20,"column":46}},"4":{"start":{"line":22,"column":2},"end":{"line":29,"column":null}},"5":{"start":{"line":23,"column":10},"end":{"line":26,"column":null}},"6":{"start":{"line":24,"column":6},"end":{"line":24,"column":null}},"7":{"start":{"line":25,"column":6},"end":{"line":25,"column":null}},"8":{"start":{"line":28,"column":4},"end":{"line":28,"column":null}},"9":{"start":{"line":28,"column":17},"end":{"line":28,"column":30}},"10":{"start":{"line":31,"column":2},"end":{"line":34,"column":null}}},"fnMap":{"0":{"name":"(anonymous_0)","decl":{"start":{"line":18,"column":13},"end":{"line":18,"column":29}},"loc":{"start":{"line":18,"column":66},"end":{"line":34,"column":null}},"line":18},"1":{"name":"(anonymous_1)","decl":{"start":{"line":22,"column":2},"end":{"line":22,"column":18}},"loc":{"start":{"line":22,"column":18},"end":{"line":29,"column":7}},"line":22},"2":{"name":"(anonymous_2)","decl":{"start":{"line":23,"column":43},"end":{"line":23,"column":50}},"loc":{"start":{"line":23,"column":56},"end":{"line":26,"column":null}},"line":23},"3":{"name":"(anonymous_3)","decl":{"start":{"line":28,"column":4},"end":{"line":28,"column":17}},"loc":{"start":{"line":28,"column":17},"end":{"line":28,"column":30}},"line":28}},"branchMap":{},"s":{"0":3,"1":3,"2":0,"3":0,"4":0,"5":0,"6":0,"7":0,"8":0,"9":0,"10":0},"f":{"0":0,"1":0,"2":0,"3":0},"b":{},"meta":{"lastBranch":0,"lastFunction":4,"lastStatement":11,"seen":{"s:12:6:12:63":0,"s:18:13:34:Infinity":1,"f:18:13:18:29":0,"s:19:15:19:53":2,"s:20:18:20:46":3,"s:22:2:29:Infinity":4,"f:22:2:22:18":1,"s:23:10:26:Infinity":5,"f:23:43:23:50":2,"s:24:6:24:Infinity":6,"s:25:6:25:Infinity":7,"s:28:4:28:Infinity":8,"f:28:4:28:17":3,"s:28:17:28:30":9,"s:31:2:34:Infinity":10}}}
,"/Users/sofaberezina/Rallyn/activity-platform/src/app/providers/ModalProvider.tsx": {"path":"/Users/sofaberezina/Rallyn/activity-platform/src/app/providers/ModalProvider.tsx","statementMap":{"0":{"start":{"line":6,"column":13},"end":{"line":33,"column":null}},"1":{"start":{"line":7,"column":23},"end":{"line":7,"column":57}},"2":{"start":{"line":8,"column":23},"end":{"line":8,"column":57}},"3":{"start":{"line":9,"column":25},"end":{"line":9,"column":78}},"4":{"start":{"line":10,"column":8},"end":{"line":13,"column":8}},"5":{"start":{"line":11,"column":4},"end":{"line":11,"column":null}},"6":{"start":{"line":12,"column":4},"end":{"line":12,"column":null}},"7":{"start":{"line":15,"column":2},"end":{"line":33,"column":null}},"8":{"start":{"line":19,"column":34},"end":{"line":19,"column":55}},"9":{"start":{"line":20,"column":26},"end":{"line":20,"column":48}},"10":{"start":{"line":22,"column":31},"end":{"line":22,"column":52}},"11":{"start":{"line":23,"column":32},"end":{"line":23,"column":54}},"12":{"start":{"line":25,"column":10},"end":{"line":25,"column":null}},"13":{"start":{"line":26,"column":10},"end":{"line":26,"column":null}}},"fnMap":{"0":{"name":"(anonymous_0)","decl":{"start":{"line":6,"column":13},"end":{"line":6,"column":30}},"loc":{"start":{"line":6,"column":78},"end":{"line":33,"column":null}},"line":6},"1":{"name":"(anonymous_1)","decl":{"start":{"line":10,"column":23},"end":{"line":10,"column":41}},"loc":{"start":{"line":10,"column":41},"end":{"line":13,"column":7}},"line":10},"2":{"name":"(anonymous_2)","decl":{"start":{"line":19,"column":8},"end":{"line":19,"column":34}},"loc":{"start":{"line":19,"column":34},"end":{"line":19,"column":55}},"line":19},"3":{"name":"(anonymous_3)","decl":{"start":{"line":20,"column":8},"end":{"line":20,"column":26}},"loc":{"start":{"line":20,"column":26},"end":{"line":20,"column":48}},"line":20},"4":{"name":"(anonymous_4)","decl":{"start":{"line":22,"column":8},"end":{"line":22,"column":31}},"loc":{"start":{"line":22,"column":31},"end":{"line":22,"column":52}},"line":22},"5":{"name":"(anonymous_5)","decl":{"start":{"line":23,"column":8},"end":{"line":23,"column":32}},"loc":{"start":{"line":23,"column":32},"end":{"line":23,"column":54}},"line":23},"6":{"name":"(anonymous_6)","decl":{"start":{"line":24,"column":8},"end":{"line":24,"column":23}},"loc":{"start":{"line":24,"column":35},"end":{"line":26,"column":null}},"line":24}},"branchMap":{},"s":{"0":1,"1":3,"2":3,"3":3,"4":3,"5":0,"6":0,"7":3,"8":0,"9":0,"10":1,"11":0,"12":1,"13":1},"f":{"0":3,"1":0,"2":0,"3":0,"4":1,"5":0,"6":1},"b":{},"meta":{"lastBranch":0,"lastFunction":7,"lastStatement":14,"seen":{"s:6:13:33:Infinity":0,"f:6:13:6:30":0,"s:7:23:7:57":1,"s:8:23:8:57":2,"s:9:25:9:78":3,"s:10:8:13:8":4,"f:10:23:10:41":1,"s:11:4:11:Infinity":5,"s:12:4:12:Infinity":6,"s:15:2:33:Infinity":7,"f:19:8:19:34":2,"s:19:34:19:55":8,"f:20:8:20:26":3,"s:20:26:20:48":9,"f:22:8:22:31":4,"s:22:31:22:52":10,"f:23:8:23:32":5,"s:23:32:23:54":11,"f:24:8:24:23":6,"s:25:10:25:Infinity":12,"s:26:10:26:Infinity":13}}}
,"/Users/sofaberezina/Rallyn/activity-platform/src/app/providers/modalContext.ts": {"path":"/Users/sofaberezina/Rallyn/activity-platform/src/app/providers/modalContext.ts","statementMap":{"0":{"start":{"line":16,"column":13},"end":{"line":16,"column":72}}},"fnMap":{},"branchMap":{},"s":{"0":5},"f":{},"b":{},"meta":{"lastBranch":0,"lastFunction":0,"lastStatement":1,"seen":{"s:16:13:16:72":0}}}
,"/Users/sofaberezina/Rallyn/activity-platform/src/app/providers/useModal.ts": {"path":"/Users/sofaberezina/Rallyn/activity-platform/src/app/providers/useModal.ts","statementMap":{"0":{"start":{"line":4,"column":13},"end":{"line":7,"column":null}},"1":{"start":{"line":5,"column":8},"end":{"line":5,"column":38}},"2":{"start":{"line":6,"column":2},"end":{"line":6,"column":null}},"3":{"start":{"line":6,"column":12},"end":{"line":6,"column":null}},"4":{"start":{"line":7,"column":2},"end":{"line":7,"column":null}}},"fnMap":{"0":{"name":"(anonymous_0)","decl":{"start":{"line":4,"column":13},"end":{"line":4,"column":30}},"loc":{"start":{"line":4,"column":30},"end":{"line":7,"column":null}},"line":4}},"branchMap":{"0":{"loc":{"start":{"line":6,"column":2},"end":{"line":6,"column":null}},"type":"if","locations":[{"start":{"line":6,"column":2},"end":{"line":6,"column":null}},{"start":{},"end":{}}],"line":6}},"s":{"0":5,"1":7,"2":7,"3":0,"4":7},"f":{"0":7},"b":{"0":[0,7]},"meta":{"lastBranch":1,"lastFunction":1,"lastStatement":5,"seen":{"s:4:13:7:Infinity":0,"f:4:13:4:30":0,"s:5:8:5:38":1,"b:6:2:6:Infinity:undefined:undefined:undefined:undefined":0,"s:6:2:6:Infinity":2,"s:6:12:6:Infinity":3,"s:7:2:7:Infinity":4}}}
,"/Users/sofaberezina/Rallyn/activity-platform/src/app/router/ProtectedRoute.tsx": {"path":"/Users/sofaberezina/Rallyn/activity-platform/src/app/router/ProtectedRoute.tsx","statementMap":{"0":{"start":{"line":11,"column":13},"end":{"line":20,"column":null}},"1":{"start":{"line":12,"column":16},"end":{"line":12,"column":48}},"2":{"start":{"line":14,"column":2},"end":{"line":14,"column":null}},"3":{"start":{"line":14,"column":26},"end":{"line":14,"column":null}},"4":{"start":{"line":16,"column":2},"end":{"line":17,"column":null}},"5":{"start":{"line":17,"column":4},"end":{"line":17,"column":null}},"6":{"start":{"line":20,"column":2},"end":{"line":20,"column":null}}},"fnMap":{"0":{"name":"(anonymous_0)","decl":{"start":{"line":11,"column":13},"end":{"line":11,"column":31}},"loc":{"start":{"line":11,"column":70},"end":{"line":20,"column":null}},"line":11}},"branchMap":{"0":{"loc":{"start":{"line":14,"column":2},"end":{"line":14,"column":null}},"type":"if","locations":[{"start":{"line":14,"column":2},"end":{"line":14,"column":null}},{"start":{},"end":{}}],"line":14},"1":{"loc":{"start":{"line":16,"column":2},"end":{"line":17,"column":null}},"type":"if","locations":[{"start":{"line":16,"column":2},"end":{"line":17,"column":null}},{"start":{},"end":{}}],"line":16}},"s":{"0":1,"1":3,"2":3,"3":1,"4":2,"5":1,"6":1},"f":{"0":3},"b":{"0":[1,2],"1":[1,1]},"meta":{"lastBranch":2,"lastFunction":1,"lastStatement":7,"seen":{"s:11:13:20:Infinity":0,"f:11:13:11:31":0,"s:12:16:12:48":1,"b:14:2:14:Infinity:undefined:undefined:undefined:undefined":0,"s:14:2:14:Infinity":2,"s:14:26:14:Infinity":3,"b:16:2:17:Infinity:undefined:undefined:undefined:undefined":1,"s:16:2:17:Infinity":4,"s:17:4:17:Infinity":5,"s:20:2:20:Infinity":6}}}
,"/Users/sofaberezina/Rallyn/activity-platform/src/entities/response/model/types.ts": {"path":"/Users/sofaberezina/Rallyn/activity-platform/src/entities/response/model/types.ts","statementMap":{"0":{"start":{"line":1,"column":31},"end":{"line":5,"column":null}}},"fnMap":{},"branchMap":{},"s":{"0":2},"f":{},"b":{},"meta":{"lastBranch":0,"lastFunction":0,"lastStatement":1,"seen":{"s:1:31:5:Infinity":0}}}
,"/Users/sofaberezina/Rallyn/activity-platform/src/features/activities/lib/activityFormMappers.ts": {"path":"/Users/sofaberezina/Rallyn/activity-platform/src/features/activities/lib/activityFormMappers.ts","statementMap":{"0":{"start":{"line":7,"column":6},"end":{"line":13,"column":null}},"1":{"start":{"line":8,"column":8},"end":{"line":8,"column":63}},"2":{"start":{"line":8,"column":33},"end":{"line":8,"column":63}},"3":{"start":{"line":10,"column":2},"end":{"line":13,"column":null}},"4":{"start":{"line":17,"column":13},"end":{"line":25,"column":null}},"5":{"start":{"line":19,"column":27},"end":{"line":25,"column":null}},"6":{"start":{"line":27,"column":13},"end":{"line":32,"column":null}},"7":{"start":{"line":29,"column":27},"end":{"line":32,"column":null}}},"fnMap":{"0":{"name":"(anonymous_0)","decl":{"start":{"line":7,"column":6},"end":{"line":7,"column":30}},"loc":{"start":{"line":7,"column":45},"end":{"line":13,"column":null}},"line":7},"1":{"name":"(anonymous_1)","decl":{"start":{"line":8,"column":8},"end":{"line":8,"column":15}},"loc":{"start":{"line":8,"column":33},"end":{"line":8,"column":63}},"line":8},"2":{"name":"(anonymous_2)","decl":{"start":{"line":17,"column":13},"end":{"line":17,"column":null}},"loc":{"start":{"line":19,"column":27},"end":{"line":25,"column":null}},"line":19},"3":{"name":"(anonymous_3)","decl":{"start":{"line":27,"column":13},"end":{"line":27,"column":null}},"loc":{"start":{"line":29,"column":27},"end":{"line":32,"column":null}},"line":29}},"branchMap":{},"s":{"0":1,"1":3,"2":12,"3":3,"4":1,"5":3,"6":1,"7":2},"f":{"0":3,"1":12,"2":3,"3":2},"b":{},"meta":{"lastBranch":0,"lastFunction":4,"lastStatement":8,"seen":{"s:7:6:13:Infinity":0,"f:7:6:7:30":0,"s:8:8:8:63":1,"f:8:8:8:15":1,"s:8:33:8:63":2,"s:10:2:13:Infinity":3,"s:17:13:25:Infinity":4,"f:17:13:17:Infinity":2,"s:19:27:25:Infinity":5,"s:27:13:32:Infinity":6,"f:27:13:27:Infinity":3,"s:29:27:32:Infinity":7}}}
,"/Users/sofaberezina/Rallyn/activity-platform/src/features/activities/lib/enrichActivities.ts": {"path":"/Users/sofaberezina/Rallyn/activity-platform/src/features/activities/lib/enrichActivities.ts","statementMap":{"0":{"start":{"line":4,"column":13},"end":{"line":13,"column":null}},"1":{"start":{"line":8,"column":19},"end":{"line":8,"column":66}},"2":{"start":{"line":8,"column":55},"end":{"line":8,"column":64}},"3":{"start":{"line":10,"column":2},"end":{"line":13,"column":null}},"4":{"start":{"line":10,"column":39},"end":{"line":13,"column":5}}},"fnMap":{"0":{"name":"(anonymous_0)","decl":{"start":{"line":4,"column":13},"end":{"line":4,"column":null}},"loc":{"start":{"line":7,"column":5},"end":{"line":13,"column":null}},"line":7},"1":{"name":"(anonymous_1)","decl":{"start":{"line":8,"column":44},"end":{"line":8,"column":49}},"loc":{"start":{"line":8,"column":55},"end":{"line":8,"column":64}},"line":8},"2":{"name":"(anonymous_2)","decl":{"start":{"line":10,"column":20},"end":{"line":10,"column":25}},"loc":{"start":{"line":10,"column":39},"end":{"line":13,"column":5}},"line":10}},"branchMap":{},"s":{"0":1,"1":6,"2":10,"3":6,"4":9},"f":{"0":6,"1":10,"2":9},"b":{},"meta":{"lastBranch":0,"lastFunction":3,"lastStatement":5,"seen":{"s:4:13:13:Infinity":0,"f:4:13:4:Infinity":0,"s:8:19:8:66":1,"f:8:44:8:49":1,"s:8:55:8:64":2,"s:10:2:13:Infinity":3,"f:10:20:10:25":2,"s:10:39:13:5":4}}}
,"/Users/sofaberezina/Rallyn/activity-platform/src/features/activities/model/useActivities.ts": {"path":"/Users/sofaberezina/Rallyn/activity-platform/src/features/activities/model/useActivities.ts","statementMap":{"0":{"start":{"line":15,"column":6},"end":{"line":20,"column":null}},"1":{"start":{"line":15,"column":61},"end":{"line":20,"column":null}},"2":{"start":{"line":22,"column":13},"end":{"line":26,"column":null}},"3":{"start":{"line":23,"column":2},"end":{"line":26,"column":null}},"4":{"start":{"line":25,"column":4},"end":{"line":25,"column":null}},"5":{"start":{"line":29,"column":13},"end":{"line":42,"column":null}},"6":{"start":{"line":30,"column":8},"end":{"line":30,"column":38}},"7":{"start":{"line":32,"column":2},"end":{"line":42,"column":null}},"8":{"start":{"line":33,"column":17},"end":{"line":33,"column":69}},"9":{"start":{"line":35,"column":6},"end":{"line":35,"column":null}},"10":{"start":{"line":36,"column":6},"end":{"line":36,"column":null}},"11":{"start":{"line":37,"column":6},"end":{"line":37,"column":null}},"12":{"start":{"line":40,"column":6},"end":{"line":40,"column":null}},"13":{"start":{"line":45,"column":13},"end":{"line":57,"column":null}},"14":{"start":{"line":46,"column":8},"end":{"line":46,"column":38}},"15":{"start":{"line":48,"column":2},"end":{"line":57,"column":null}},"16":{"start":{"line":49,"column":17},"end":{"line":49,"column":50}},"17":{"start":{"line":51,"column":6},"end":{"line":51,"column":null}},"18":{"start":{"line":52,"column":6},"end":{"line":52,"column":null}},"19":{"start":{"line":55,"column":6},"end":{"line":55,"column":null}},"20":{"start":{"line":60,"column":13},"end":{"line":78,"column":null}},"21":{"start":{"line":61,"column":8},"end":{"line":61,"column":38}},"22":{"start":{"line":63,"column":2},"end":{"line":78,"column":null}},"23":{"start":{"line":66,"column":6},"end":{"line":70,"column":34}},"24":{"start":{"line":72,"column":6},"end":{"line":72,"column":null}},"25":{"start":{"line":73,"column":6},"end":{"line":73,"column":null}},"26":{"start":{"line":76,"column":6},"end":{"line":76,"column":null}}},"fnMap":{"0":{"name":"(anonymous_0)","decl":{"start":{"line":15,"column":6},"end":{"line":15,"column":28}},"loc":{"start":{"line":15,"column":61},"end":{"line":20,"column":null}},"line":15},"1":{"name":"(anonymous_1)","decl":{"start":{"line":22,"column":13},"end":{"line":22,"column":30}},"loc":{"start":{"line":22,"column":63},"end":{"line":26,"column":null}},"line":22},"2":{"name":"(anonymous_2)","decl":{"start":{"line":25,"column":4},"end":{"line":25,"column":19}},"loc":{"start":{"line":25,"column":4},"end":{"line":25,"column":null}},"line":25},"3":{"name":"(anonymous_3)","decl":{"start":{"line":29,"column":13},"end":{"line":29,"column":39}},"loc":{"start":{"line":29,"column":39},"end":{"line":42,"column":null}},"line":29},"4":{"name":"(anonymous_4)","decl":{"start":{"line":33,"column":4},"end":{"line":33,"column":17}},"loc":{"start":{"line":33,"column":17},"end":{"line":33,"column":69}},"line":33},"5":{"name":"(anonymous_5)","decl":{"start":{"line":34,"column":15},"end":{"line":34,"column":27}},"loc":{"start":{"line":34,"column":27},"end":{"line":37,"column":null}},"line":34},"6":{"name":"(anonymous_6)","decl":{"start":{"line":39,"column":4},"end":{"line":39,"column":19}},"loc":{"start":{"line":39,"column":19},"end":{"line":40,"column":null}},"line":39},"7":{"name":"(anonymous_7)","decl":{"start":{"line":45,"column":13},"end":{"line":45,"column":39}},"loc":{"start":{"line":45,"column":39},"end":{"line":57,"column":null}},"line":45},"8":{"name":"(anonymous_8)","decl":{"start":{"line":49,"column":4},"end":{"line":49,"column":17}},"loc":{"start":{"line":49,"column":17},"end":{"line":49,"column":50}},"line":49},"9":{"name":"(anonymous_9)","decl":{"start":{"line":50,"column":15},"end":{"line":50,"column":27}},"loc":{"start":{"line":50,"column":27},"end":{"line":52,"column":null}},"line":50},"10":{"name":"(anonymous_10)","decl":{"start":{"line":54,"column":4},"end":{"line":54,"column":19}},"loc":{"start":{"line":54,"column":19},"end":{"line":55,"column":null}},"line":54},"11":{"name":"(anonymous_11)","decl":{"start":{"line":60,"column":13},"end":{"line":60,"column":39}},"loc":{"start":{"line":60,"column":39},"end":{"line":78,"column":null}},"line":60},"12":{"name":"(anonymous_12)","decl":{"start":{"line":64,"column":4},"end":{"line":64,"column":17}},"loc":{"start":{"line":66,"column":6},"end":{"line":70,"column":34}},"line":66},"13":{"name":"(anonymous_13)","decl":{"start":{"line":71,"column":15},"end":{"line":71,"column":27}},"loc":{"start":{"line":71,"column":27},"end":{"line":73,"column":null}},"line":71},"14":{"name":"(anonymous_14)","decl":{"start":{"line":75,"column":4},"end":{"line":75,"column":19}},"loc":{"start":{"line":75,"column":19},"end":{"line":76,"column":null}},"line":75}},"branchMap":{},"s":{"0":1,"1":1,"2":1,"3":1,"4":0,"5":1,"6":0,"7":0,"8":0,"9":0,"10":0,"11":0,"12":0,"13":1,"14":0,"15":0,"16":0,"17":0,"18":0,"19":0,"20":1,"21":0,"22":0,"23":0,"24":0,"25":0,"26":0},"f":{"0":1,"1":1,"2":0,"3":0,"4":0,"5":0,"6":0,"7":0,"8":0,"9":0,"10":0,"11":0,"12":0,"13":0,"14":0},"b":{},"meta":{"lastBranch":0,"lastFunction":15,"lastStatement":27,"seen":{"s:15:6:20:Infinity":0,"f:15:6:15:28":0,"s:15:61:20:Infinity":1,"s:22:13:26:Infinity":2,"f:22:13:22:30":1,"s:23:2:26:Infinity":3,"f:25:4:25:19":2,"s:25:4:25:Infinity":4,"s:29:13:42:Infinity":5,"f:29:13:29:39":3,"s:30:8:30:38":6,"s:32:2:42:Infinity":7,"f:33:4:33:17":4,"s:33:17:33:69":8,"f:34:15:34:27":5,"s:35:6:35:Infinity":9,"s:36:6:36:Infinity":10,"s:37:6:37:Infinity":11,"f:39:4:39:19":6,"s:40:6:40:Infinity":12,"s:45:13:57:Infinity":13,"f:45:13:45:39":7,"s:46:8:46:38":14,"s:48:2:57:Infinity":15,"f:49:4:49:17":8,"s:49:17:49:50":16,"f:50:15:50:27":9,"s:51:6:51:Infinity":17,"s:52:6:52:Infinity":18,"f:54:4:54:19":10,"s:55:6:55:Infinity":19,"s:60:13:78:Infinity":20,"f:60:13:60:39":11,"s:61:8:61:38":21,"s:63:2:78:Infinity":22,"f:64:4:64:17":12,"s:66:6:70:34":23,"f:71:15:71:27":13,"s:72:6:72:Infinity":24,"s:73:6:73:Infinity":25,"f:75:4:75:19":14,"s:76:6:76:Infinity":26}}}
,"/Users/sofaberezina/Rallyn/activity-platform/src/features/activities/ui/ActivityForm/ActivityForm.tsx": {"path":"/Users/sofaberezina/Rallyn/activity-platform/src/features/activities/ui/ActivityForm/ActivityForm.tsx","statementMap":{"0":{"start":{"line":17,"column":6},"end":{"line":85,"column":null}},"1":{"start":{"line":21,"column":25},"end":{"line":25,"column":4}},"2":{"start":{"line":27,"column":2},"end":{"line":85,"column":null}},"3":{"start":{"line":73,"column":10},"end":{"line":75,"column":null}}},"fnMap":{"0":{"name":"(anonymous_0)","decl":{"start":{"line":17,"column":6},"end":{"line":17,"column":22}},"loc":{"start":{"line":17,"column":72},"end":{"line":85,"column":null}},"line":17},"1":{"name":"(anonymous_1)","decl":{"start":{"line":72,"column":25},"end":{"line":72,"column":30}},"loc":{"start":{"line":73,"column":10},"end":{"line":75,"column":null}},"line":73}},"branchMap":{},"s":{"0":1,"1":10,"2":10,"3":50},"f":{"0":10,"1":50},"b":{},"meta":{"lastBranch":0,"lastFunction":2,"lastStatement":4,"seen":{"s:17:6:85:Infinity":0,"f:17:6:17:22":0,"s:21:25:25:4":1,"s:27:2:85:Infinity":2,"f:72:25:72:30":1,"s:73:10:75:Infinity":3}}}
,"/Users/sofaberezina/Rallyn/activity-platform/src/features/auth/ui/AuthForm/AuthForm.tsx": {"path":"/Users/sofaberezina/Rallyn/activity-platform/src/features/auth/ui/AuthForm/AuthForm.tsx","statementMap":{"0":{"start":{"line":11,"column":6},"end":{"line":48,"column":null}},"1":{"start":{"line":16,"column":17},"end":{"line":19,"column":4}},"2":{"start":{"line":21,"column":24},"end":{"line":23,"column":null}},"3":{"start":{"line":22,"column":4},"end":{"line":22,"column":null}},"4":{"start":{"line":23,"column":4},"end":{"line":23,"column":null}},"5":{"start":{"line":26,"column":2},"end":{"line":48,"column":null}}},"fnMap":{"0":{"name":"(anonymous_0)","decl":{"start":{"line":11,"column":6},"end":{"line":11,"column":18}},"loc":{"start":{"line":11,"column":75},"end":{"line":48,"column":null}},"line":11},"1":{"name":"(anonymous_1)","decl":{"start":{"line":21,"column":24},"end":{"line":21,"column":31}},"loc":{"start":{"line":21,"column":51},"end":{"line":23,"column":null}},"line":21}},"branchMap":{"0":{"loc":{"start":{"line":45,"column":26},"end":{"line":45,"column":48}},"type":"binary-expr","locations":[{"start":{"line":45,"column":26},"end":{"line":45,"column":35}},{"start":{"line":45,"column":35},"end":{"line":45,"column":48}}],"line":45},"1":{"loc":{"start":{"line":47,"column":9},"end":{"line":47,"column":null}},"type":"cond-expr","locations":[{"start":{"line":47,"column":28},"end":{"line":47,"column":38}},{"start":{"line":47,"column":38},"end":{"line":47,"column":null}}],"line":47}},"s":{"0":1,"1":10,"2":10,"3":1,"4":1,"5":10},"f":{"0":10,"1":1},"b":{"0":[10,8],"1":[10,0]},"meta":{"lastBranch":2,"lastFunction":2,"lastStatement":6,"seen":{"s:11:6:48:Infinity":0,"f:11:6:11:18":0,"s:16:17:19:4":1,"s:21:24:23:Infinity":2,"f:21:24:21:31":1,"s:22:4:22:Infinity":3,"s:23:4:23:Infinity":4,"s:26:2:48:Infinity":5,"b:45:26:45:35:45:35:45:48":0,"b:47:28:47:38:47:38:47:Infinity":1}}}
,"/Users/sofaberezina/Rallyn/activity-platform/src/features/auth/ui/AuthForm/authForm.scss": {"path":"/Users/sofaberezina/Rallyn/activity-platform/src/features/auth/ui/AuthForm/authForm.scss","statementMap":{},"fnMap":{},"branchMap":{},"s":{},"f":{},"b":{},"meta":{"lastBranch":0,"lastFunction":0,"lastStatement":0,"seen":{}}}
,"/Users/sofaberezina/Rallyn/activity-platform/src/features/responses/model/types.ts": {"path":"/Users/sofaberezina/Rallyn/activity-platform/src/features/responses/model/types.ts","statementMap":{},"fnMap":{},"branchMap":{},"s":{},"f":{},"b":{},"meta":{"lastBranch":0,"lastFunction":0,"lastStatement":0,"seen":{}}}
,"/Users/sofaberezina/Rallyn/activity-platform/src/features/responses/ui/ResponseCard/ResponseCard.tsx": {"path":"/Users/sofaberezina/Rallyn/activity-platform/src/features/responses/ui/ResponseCard/ResponseCard.tsx","statementMap":{"0":{"start":{"line":16,"column":6},"end":{"line":100,"column":null}},"1":{"start":{"line":22,"column":2},"end":{"line":100,"column":null}},"2":{"start":{"line":53,"column":16},"end":{"line":53,"column":69}},"3":{"start":{"line":63,"column":16},"end":{"line":63,"column":69}}},"fnMap":{"0":{"name":"(anonymous_0)","decl":{"start":{"line":16,"column":6},"end":{"line":16,"column":22}},"loc":{"start":{"line":21,"column":26},"end":{"line":100,"column":null}},"line":21},"1":{"name":"(anonymous_1)","decl":{"start":{"line":52,"column":14},"end":{"line":52,"column":null}},"loc":{"start":{"line":53,"column":16},"end":{"line":53,"column":69}},"line":53},"2":{"name":"(anonymous_2)","decl":{"start":{"line":62,"column":14},"end":{"line":62,"column":null}},"loc":{"start":{"line":63,"column":16},"end":{"line":63,"column":69}},"line":63}},"branchMap":{"0":{"loc":{"start":{"line":20,"column":2},"end":{"line":20,"column":null}},"type":"default-arg","locations":[{"start":{"line":20,"column":15},"end":{"line":20,"column":null}}],"line":20},"1":{"loc":{"start":{"line":37,"column":12},"end":{"line":38,"column":null}},"type":"binary-expr","locations":[{"start":{"line":37,"column":12},"end":{"line":37,"column":null}},{"start":{"line":38,"column":12},"end":{"line":38,"column":null}}],"line":37},"2":{"loc":{"start":{"line":47,"column":9},"end":{"line":67,"column":null}},"type":"binary-expr","locations":[{"start":{"line":47,"column":9},"end":{"line":47,"column":null}},{"start":{"line":48,"column":10},"end":{"line":67,"column":null}}],"line":47},"3":{"loc":{"start":{"line":56,"column":15},"end":{"line":56,"column":null}},"type":"cond-expr","locations":[{"start":{"line":56,"column":28},"end":{"line":56,"column":36}},{"start":{"line":56,"column":36},"end":{"line":56,"column":null}}],"line":56},"4":{"loc":{"start":{"line":66,"column":15},"end":{"line":66,"column":null}},"type":"cond-expr","locations":[{"start":{"line":66,"column":28},"end":{"line":66,"column":36}},{"start":{"line":66,"column":36},"end":{"line":66,"column":null}}],"line":66},"5":{"loc":{"start":{"line":71,"column":9},"end":{"line":83,"column":null}},"type":"binary-expr","locations":[{"start":{"line":71,"column":9},"end":{"line":71,"column":null}},{"start":{"line":72,"column":10},"end":{"line":83,"column":null}}],"line":71},"6":{"loc":{"start":{"line":74,"column":14},"end":{"line":76,"column":null}},"type":"cond-expr","locations":[{"start":{"line":75,"column":18},"end":{"line":75,"column":null}},{"start":{"line":76,"column":18},"end":{"line":76,"column":null}}],"line":74},"7":{"loc":{"start":{"line":82,"column":13},"end":{"line":82,"column":null}},"type":"cond-expr","locations":[{"start":{"line":82,"column":29},"end":{"line":82,"column":41}},{"start":{"line":82,"column":40},"end":{"line":82,"column":null}}],"line":82},"8":{"loc":{"start":{"line":86,"column":9},"end":{"line":97,"column":null}},"type":"binary-expr","locations":[{"start":{"line":86,"column":9},"end":{"line":86,"column":null}},{"start":{"line":87,"column":10},"end":{"line":97,"column":null}}],"line":86}},"s":{"0":1,"1":5,"2":0,"3":0},"f":{"0":5,"1":0,"2":0},"b":{"0":[5],"1":[5,5],"2":[5,2],"3":[1,1],"4":[1,1],"5":[5,2],"6":[1,1],"7":[1,1],"8":[5,1]},"meta":{"lastBranch":9,"lastFunction":3,"lastStatement":4,"seen":{"s:16:6:100:Infinity":0,"f:16:6:16:22":0,"b:20:15:20:Infinity":0,"s:22:2:100:Infinity":1,"b:37:12:37:Infinity:38:12:38:Infinity":1,"b:47:9:47:Infinity:48:10:67:Infinity":2,"f:52:14:52:Infinity":1,"s:53:16:53:69":2,"b:56:28:56:36:56:36:56:Infinity":3,"f:62:14:62:Infinity":2,"s:63:16:63:69":3,"b:66:28:66:36:66:36:66:Infinity":4,"b:71:9:71:Infinity:72:10:83:Infinity":5,"b:75:18:75:Infinity:76:18:76:Infinity":6,"b:82:29:82:41:82:40:82:Infinity":7,"b:86:9:86:Infinity:87:10:97:Infinity":8}}}
,"/Users/sofaberezina/Rallyn/activity-platform/src/features/responses/ui/ResponsesModal/ResponsesModal.tsx": {"path":"/Users/sofaberezina/Rallyn/activity-platform/src/features/responses/ui/ResponsesModal/ResponsesModal.tsx","statementMap":{"0":{"start":{"line":28,"column":6},"end":{"line":104,"column":null}},"1":{"start":{"line":29,"column":8},"end":{"line":29,"column":38}},"2":{"start":{"line":30,"column":28},"end":{"line":30,"column":53}},"3":{"start":{"line":31,"column":29},"end":{"line":32,"column":null}},"4":{"start":{"line":35,"column":38},"end":{"line":38,"column":4}},"5":{"start":{"line":37,"column":4},"end":{"line":37,"column":null}},"6":{"start":{"line":40,"column":8},"end":{"line":42,"column":null}},"7":{"start":{"line":41,"column":10},"end":{"line":41,"column":66}},"8":{"start":{"line":41,"column":44},"end":{"line":41,"column":58}},"9":{"start":{"line":45,"column":34},"end":{"line":46,"column":31}},"10":{"start":{"line":48,"column":29},"end":{"line":76,"column":null}},"11":{"start":{"line":50,"column":6},"end":{"line":50,"column":70}},"12":{"start":{"line":52,"column":4},"end":{"line":52,"column":null}},"13":{"start":{"line":53,"column":4},"end":{"line":59,"column":null}},"14":{"start":{"line":56,"column":8},"end":{"line":57,"column":null}},"15":{"start":{"line":57,"column":10},"end":{"line":57,"column":null}},"16":{"start":{"line":61,"column":4},"end":{"line":76,"column":null}},"17":{"start":{"line":62,"column":6},"end":{"line":62,"column":null}},"18":{"start":{"line":64,"column":6},"end":{"line":67,"column":null}},"19":{"start":{"line":65,"column":8},"end":{"line":65,"column":null}},"20":{"start":{"line":67,"column":8},"end":{"line":67,"column":null}},"21":{"start":{"line":70,"column":6},"end":{"line":70,"column":null}},"22":{"start":{"line":71,"column":6},"end":{"line":71,"column":null}},"23":{"start":{"line":73,"column":6},"end":{"line":73,"column":null}},"24":{"start":{"line":74,"column":6},"end":{"line":76,"column":null}},"25":{"start":{"line":80,"column":2},"end":{"line":104,"column":null}},"26":{"start":{"line":91,"column":23},"end":{"line":91,"column":72}},"27":{"start":{"line":91,"column":42},"end":{"line":91,"column":72}},"28":{"start":{"line":92,"column":10},"end":{"line":92,"column":null}},"29":{"start":{"line":92,"column":21},"end":{"line":92,"column":null}},"30":{"start":{"line":93,"column":10},"end":{"line":100,"column":null}}},"fnMap":{"0":{"name":"(anonymous_0)","decl":{"start":{"line":28,"column":6},"end":{"line":28,"column":24}},"loc":{"start":{"line":28,"column":74},"end":{"line":104,"column":null}},"line":28},"1":{"name":"(anonymous_1)","decl":{"start":{"line":37,"column":4},"end":{"line":37,"column":19}},"loc":{"start":{"line":37,"column":4},"end":{"line":37,"column":null}},"line":37},"2":{"name":"(anonymous_2)","decl":{"start":{"line":40,"column":23},"end":{"line":40,"column":null}},"loc":{"start":{"line":41,"column":10},"end":{"line":41,"column":66}},"line":41},"3":{"name":"(anonymous_3)","decl":{"start":{"line":41,"column":33},"end":{"line":41,"column":38}},"loc":{"start":{"line":41,"column":44},"end":{"line":41,"column":58}},"line":41},"4":{"name":"(anonymous_4)","decl":{"start":{"line":48,"column":29},"end":{"line":48,"column":36}},"loc":{"start":{"line":48,"column":75},"end":{"line":76,"column":null}},"line":48},"5":{"name":"(anonymous_5)","decl":{"start":{"line":54,"column":6},"end":{"line":54,"column":null}},"loc":{"start":{"line":56,"column":8},"end":{"line":57,"column":null}},"line":56},"6":{"name":"(anonymous_6)","decl":{"start":{"line":56,"column":17},"end":{"line":56,"column":22}},"loc":{"start":{"line":57,"column":10},"end":{"line":57,"column":null}},"line":57},"7":{"name":"(anonymous_7)","decl":{"start":{"line":90,"column":18},"end":{"line":90,"column":23}},"loc":{"start":{"line":90,"column":36},"end":{"line":100,"column":null}},"line":90},"8":{"name":"(anonymous_8)","decl":{"start":{"line":91,"column":30},"end":{"line":91,"column":36}},"loc":{"start":{"line":91,"column":42},"end":{"line":91,"column":72}},"line":91}},"branchMap":{"0":{"loc":{"start":{"line":41,"column":22},"end":{"line":41,"column":64}},"type":"binary-expr","locations":[{"start":{"line":41,"column":22},"end":{"line":41,"column":58}},{"start":{"line":41,"column":62},"end":{"line":41,"column":64}}],"line":41},"1":{"loc":{"start":{"line":57,"column":10},"end":{"line":57,"column":null}},"type":"cond-expr","locations":[{"start":{"line":57,"column":31},"end":{"line":57,"column":57}},{"start":{"line":57,"column":57},"end":{"line":57,"column":null}}],"line":57},"2":{"loc":{"start":{"line":64,"column":6},"end":{"line":67,"column":null}},"type":"if","locations":[{"start":{"line":64,"column":6},"end":{"line":67,"column":null}},{"start":{"line":66,"column":13},"end":{"line":67,"column":null}}],"line":64},"3":{"loc":{"start":{"line":82,"column":7},"end":{"line":100,"column":null}},"type":"cond-expr","locations":[{"start":{"line":83,"column":8},"end":{"line":84,"column":11}},{"start":{"line":84,"column":10},"end":{"line":100,"column":null}}],"line":82},"4":{"loc":{"start":{"line":82,"column":7},"end":{"line":82,"column":null}},"type":"binary-expr","locations":[{"start":{"line":82,"column":7},"end":{"line":82,"column":29}},{"start":{"line":82,"column":29},"end":{"line":82,"column":null}}],"line":82},"5":{"loc":{"start":{"line":84,"column":10},"end":{"line":100,"column":null}},"type":"cond-expr","locations":[{"start":{"line":85,"column":8},"end":{"line":90,"column":18}},{"start":{"line":90,"column":8},"end":{"line":100,"column":null}}],"line":84},"6":{"loc":{"start":{"line":92,"column":10},"end":{"line":92,"column":null}},"type":"if","locations":[{"start":{"line":92,"column":10},"end":{"line":92,"column":null}},{"start":{},"end":{}}],"line":92}},"s":{"0":1,"1":2,"2":2,"3":2,"4":2,"5":0,"6":2,"7":2,"8":0,"9":2,"10":2,"11":0,"12":0,"13":0,"14":0,"15":0,"16":0,"17":0,"18":0,"19":0,"20":0,"21":0,"22":0,"23":0,"24":0,"25":2,"26":0,"27":0,"28":0,"29":0,"30":0},"f":{"0":2,"1":0,"2":2,"3":0,"4":0,"5":0,"6":0,"7":0,"8":0},"b":{"0":[2,1],"1":[0,0],"2":[0,0],"3":[1,1],"4":[2,1],"5":[1,0],"6":[0,0]},"meta":{"lastBranch":7,"lastFunction":9,"lastStatement":31,"seen":{"s:28:6:104:Infinity":0,"f:28:6:28:24":0,"s:29:8:29:38":1,"s:30:28:30:53":2,"s:31:29:32:Infinity":3,"s:35:38:38:4":4,"f:37:4:37:19":1,"s:37:4:37:Infinity":5,"s:40:8:42:Infinity":6,"f:40:23:40:Infinity":2,"s:41:10:41:66":7,"b:41:22:41:58:41:62:41:64":0,"f:41:33:41:38":3,"s:41:44:41:58":8,"s:45:34:46:31":9,"s:48:29:76:Infinity":10,"f:48:29:48:36":4,"s:50:6:50:70":11,"s:52:4:52:Infinity":12,"s:53:4:59:Infinity":13,"f:54:6:54:Infinity":5,"s:56:8:57:Infinity":14,"f:56:17:56:22":6,"s:57:10:57:Infinity":15,"b:57:31:57:57:57:57:57:Infinity":1,"s:61:4:76:Infinity":16,"s:62:6:62:Infinity":17,"b:64:6:67:Infinity:66:13:67:Infinity":2,"s:64:6:67:Infinity":18,"s:65:8:65:Infinity":19,"s:67:8:67:Infinity":20,"s:70:6:70:Infinity":21,"s:71:6:71:Infinity":22,"s:73:6:73:Infinity":23,"s:74:6:76:Infinity":24,"s:80:2:104:Infinity":25,"b:83:8:84:11:84:10:100:Infinity":3,"b:82:7:82:29:82:29:82:Infinity":4,"b:85:8:90:18:90:8:100:Infinity":5,"f:90:18:90:23":7,"s:91:23:91:72":26,"f:91:30:91:36":8,"s:91:42:91:72":27,"b:92:10:92:Infinity:undefined:undefined:undefined:undefined":6,"s:92:10:92:Infinity":28,"s:92:21:92:Infinity":29,"s:93:10:100:Infinity":30}}}
,"/Users/sofaberezina/Rallyn/activity-platform/src/firebase/firebase.ts": {"path":"/Users/sofaberezina/Rallyn/activity-platform/src/firebase/firebase.ts","statementMap":{"0":{"start":{"line":7,"column":23},"end":{"line":14,"column":null}},"1":{"start":{"line":20,"column":17},"end":{"line":20,"column":null}},"2":{"start":{"line":21,"column":18},"end":{"line":21,"column":52}},"3":{"start":{"line":23,"column":12},"end":{"line":23,"column":73}},"4":{"start":{"line":25,"column":26},"end":{"line":25,"column":50}},"5":{"start":{"line":26,"column":29},"end":{"line":26,"column":58}}},"fnMap":{},"branchMap":{"0":{"loc":{"start":{"line":23,"column":12},"end":{"line":23,"column":73}},"type":"cond-expr","locations":[{"start":{"line":23,"column":37},"end":{"line":23,"column":44}},{"start":{"line":23,"column":37},"end":{"line":23,"column":73}}],"line":23},"1":{"loc":{"start":{"line":23,"column":12},"end":{"line":23,"column":37}},"type":"binary-expr","locations":[{"start":{"line":23,"column":12},"end":{"line":23,"column":24}},{"start":{"line":23,"column":24},"end":{"line":23,"column":37}}],"line":23},"2":{"loc":{"start":{"line":25,"column":26},"end":{"line":25,"column":50}},"type":"cond-expr","locations":[{"start":{"line":25,"column":26},"end":{"line":25,"column":44}},{"start":{"line":25,"column":48},"end":{"line":25,"column":50}}],"line":25},"3":{"loc":{"start":{"line":26,"column":29},"end":{"line":26,"column":58}},"type":"cond-expr","locations":[{"start":{"line":26,"column":29},"end":{"line":26,"column":52}},{"start":{"line":26,"column":56},"end":{"line":26,"column":58}}],"line":26}},"s":{"0":3,"1":3,"2":3,"3":3,"4":3,"5":3},"f":{},"b":{"0":[3,0],"1":[3,0],"2":[0,3],"3":[0,3]},"meta":{"lastBranch":4,"lastFunction":0,"lastStatement":6,"seen":{"s:7:23:14:Infinity":0,"s:20:17:20:Infinity":1,"s:21:18:21:52":2,"s:23:12:23:73":3,"b:23:37:23:44:23:37:23:73":0,"b:23:12:23:24:23:24:23:37":1,"s:25:26:25:50":4,"b:25:26:25:44:25:48:25:50":2,"s:26:29:26:58":5,"b:26:29:26:52:26:56:26:58":3}}}
,"/Users/sofaberezina/Rallyn/activity-platform/src/services/authService.ts": {"path":"/Users/sofaberezina/Rallyn/activity-platform/src/services/authService.ts","statementMap":{"0":{"start":{"line":10,"column":28},"end":{"line":28,"column":null}},"1":{"start":{"line":14,"column":2},"end":{"line":28,"column":null}},"2":{"start":{"line":15,"column":17},"end":{"line":15,"column":76}},"3":{"start":{"line":17,"column":4},"end":{"line":23,"column":null}},"4":{"start":{"line":25,"column":4},"end":{"line":26,"column":null}},"5":{"start":{"line":26,"column":6},"end":{"line":26,"column":null}},"6":{"start":{"line":28,"column":4},"end":{"line":28,"column":null}},"7":{"start":{"line":32,"column":25},"end":{"line":42,"column":null}},"8":{"start":{"line":36,"column":2},"end":{"line":42,"column":null}},"9":{"start":{"line":37,"column":4},"end":{"line":37,"column":null}},"10":{"start":{"line":39,"column":4},"end":{"line":40,"column":null}},"11":{"start":{"line":40,"column":6},"end":{"line":40,"column":null}},"12":{"start":{"line":42,"column":4},"end":{"line":42,"column":null}}},"fnMap":{"0":{"name":"(anonymous_0)","decl":{"start":{"line":10,"column":28},"end":{"line":10,"column":null}},"loc":{"start":{"line":13,"column":20},"end":{"line":28,"column":null}},"line":13},"1":{"name":"(anonymous_1)","decl":{"start":{"line":32,"column":25},"end":{"line":32,"column":null}},"loc":{"start":{"line":35,"column":20},"end":{"line":42,"column":null}},"line":35}},"branchMap":{"0":{"loc":{"start":{"line":25,"column":4},"end":{"line":26,"column":null}},"type":"if","locations":[{"start":{"line":25,"column":4},"end":{"line":26,"column":null}},{"start":{},"end":{}}],"line":25},"1":{"loc":{"start":{"line":39,"column":4},"end":{"line":40,"column":null}},"type":"if","locations":[{"start":{"line":39,"column":4},"end":{"line":40,"column":null}},{"start":{},"end":{}}],"line":39}},"s":{"0":3,"1":0,"2":0,"3":0,"4":0,"5":0,"6":0,"7":3,"8":0,"9":0,"10":0,"11":0,"12":0},"f":{"0":0,"1":0},"b":{"0":[0,0],"1":[0,0]},"meta":{"lastBranch":2,"lastFunction":2,"lastStatement":13,"seen":{"s:10:28:28:Infinity":0,"f:10:28:10:Infinity":0,"s:14:2:28:Infinity":1,"s:15:17:15:76":2,"s:17:4:23:Infinity":3,"b:25:4:26:Infinity:undefined:undefined:undefined:undefined":0,"s:25:4:26:Infinity":4,"s:26:6:26:Infinity":5,"s:28:4:28:Infinity":6,"s:32:25:42:Infinity":7,"f:32:25:32:Infinity":1,"s:36:2:42:Infinity":8,"s:37:4:37:Infinity":9,"b:39:4:40:Infinity:undefined:undefined:undefined:undefined":1,"s:39:4:40:Infinity":10,"s:40:6:40:Infinity":11,"s:42:4:42:Infinity":12}}}
,"/Users/sofaberezina/Rallyn/activity-platform/src/shared/config/env.ts": {"path":"/Users/sofaberezina/Rallyn/activity-platform/src/shared/config/env.ts","statementMap":{"0":{"start":{"line":1,"column":19},"end":{"line":10,"column":null}}},"fnMap":{},"branchMap":{},"s":{"0":4},"f":{},"b":{},"meta":{"lastBranch":0,"lastFunction":0,"lastStatement":1,"seen":{"s:1:19:10:Infinity":0}}}
,"/Users/sofaberezina/Rallyn/activity-platform/src/shared/config/routes.ts": {"path":"/Users/sofaberezina/Rallyn/activity-platform/src/shared/config/routes.ts","statementMap":{"0":{"start":{"line":1,"column":22},"end":{"line":6,"column":null}},"1":{"start":{"line":5,"column":30},"end":{"line":5,"column":null}}},"fnMap":{"0":{"name":"(anonymous_0)","decl":{"start":{"line":5,"column":2},"end":{"line":5,"column":15}},"loc":{"start":{"line":5,"column":30},"end":{"line":5,"column":null}},"line":5}},"branchMap":{},"s":{"0":5,"1":5},"f":{"0":5},"b":{},"meta":{"lastBranch":0,"lastFunction":1,"lastStatement":2,"seen":{"s:1:22:6:Infinity":0,"f:5:2:5:15":0,"s:5:30:5:Infinity":1}}}
,"/Users/sofaberezina/Rallyn/activity-platform/src/shared/config/activities/categories.ts": {"path":"/Users/sofaberezina/Rallyn/activity-platform/src/shared/config/activities/categories.ts","statementMap":{"0":{"start":{"line":1,"column":35},"end":{"line":7,"column":null}},"1":{"start":{"line":12,"column":31},"end":{"line":12,"column":65}}},"fnMap":{},"branchMap":{},"s":{"0":5,"1":5},"f":{},"b":{},"meta":{"lastBranch":0,"lastFunction":0,"lastStatement":2,"seen":{"s:1:35:7:Infinity":0,"s:12:31:12:65":1}}}
,"/Users/sofaberezina/Rallyn/activity-platform/src/shared/hooks/useAuth.ts": {"path":"/Users/sofaberezina/Rallyn/activity-platform/src/shared/hooks/useAuth.ts","statementMap":{"0":{"start":{"line":12,"column":13},"end":{"line":66,"column":null}},"1":{"start":{"line":13,"column":8},"end":{"line":13,"column":41}},"2":{"start":{"line":14,"column":2},"end":{"line":15,"column":null}},"3":{"start":{"line":15,"column":4},"end":{"line":15,"column":null}},"4":{"start":{"line":17,"column":28},"end":{"line":17,"column":null}},"5":{"start":{"line":19,"column":23},"end":{"line":19,"column":57}},"6":{"start":{"line":21,"column":17},"end":{"line":22,"column":null}},"7":{"start":{"line":22,"column":4},"end":{"line":22,"column":null}},"8":{"start":{"line":25,"column":16},"end":{"line":38,"column":null}},"9":{"start":{"line":30,"column":4},"end":{"line":30,"column":null}},"10":{"start":{"line":32,"column":4},"end":{"line":38,"column":null}},"11":{"start":{"line":33,"column":6},"end":{"line":33,"column":null}},"12":{"start":{"line":34,"column":6},"end":{"line":34,"column":null}},"13":{"start":{"line":36,"column":6},"end":{"line":36,"column":null}},"14":{"start":{"line":38,"column":6},"end":{"line":38,"column":null}},"15":{"start":{"line":42,"column":19},"end":{"line":55,"column":null}},"16":{"start":{"line":47,"column":4},"end":{"line":47,"column":null}},"17":{"start":{"line":49,"column":4},"end":{"line":55,"column":null}},"18":{"start":{"line":50,"column":6},"end":{"line":50,"column":null}},"19":{"start":{"line":51,"column":6},"end":{"line":51,"column":null}},"20":{"start":{"line":53,"column":6},"end":{"line":53,"column":null}},"21":{"start":{"line":55,"column":6},"end":{"line":55,"column":null}},"22":{"start":{"line":59,"column":2},"end":{"line":66,"column":null}}},"fnMap":{"0":{"name":"(anonymous_0)","decl":{"start":{"line":12,"column":13},"end":{"line":12,"column":29}},"loc":{"start":{"line":12,"column":29},"end":{"line":66,"column":null}},"line":12},"1":{"name":"(anonymous_1)","decl":{"start":{"line":21,"column":17},"end":{"line":21,"column":29}},"loc":{"start":{"line":21,"column":29},"end":{"line":22,"column":null}},"line":21},"2":{"name":"(anonymous_2)","decl":{"start":{"line":25,"column":16},"end":{"line":25,"column":null}},"loc":{"start":{"line":29,"column":7},"end":{"line":38,"column":null}},"line":29},"3":{"name":"(anonymous_3)","decl":{"start":{"line":42,"column":19},"end":{"line":42,"column":null}},"loc":{"start":{"line":46,"column":7},"end":{"line":55,"column":null}},"line":46}},"branchMap":{"0":{"loc":{"start":{"line":14,"column":2},"end":{"line":15,"column":null}},"type":"if","locations":[{"start":{"line":14,"column":2},"end":{"line":15,"column":null}},{"start":{},"end":{}}],"line":14},"1":{"loc":{"start":{"line":28,"column":4},"end":{"line":28,"column":46}},"type":"default-arg","locations":[{"start":{"line":28,"column":44},"end":{"line":28,"column":46}}],"line":28},"2":{"loc":{"start":{"line":36,"column":16},"end":{"line":36,"column":58}},"type":"cond-expr","locations":[{"start":{"line":36,"column":37},"end":{"line":36,"column":49}},{"start":{"line":36,"column":49},"end":{"line":36,"column":58}}],"line":36},"3":{"loc":{"start":{"line":45,"column":4},"end":{"line":45,"column":46}},"type":"default-arg","locations":[{"start":{"line":45,"column":44},"end":{"line":45,"column":46}}],"line":45},"4":{"loc":{"start":{"line":53,"column":16},"end":{"line":53,"column":58}},"type":"cond-expr","locations":[{"start":{"line":53,"column":37},"end":{"line":53,"column":49}},{"start":{"line":53,"column":49},"end":{"line":53,"column":58}}],"line":53}},"s":{"0":3,"1":0,"2":0,"3":0,"4":0,"5":0,"6":0,"7":0,"8":0,"9":0,"10":0,"11":0,"12":0,"13":0,"14":0,"15":0,"16":0,"17":0,"18":0,"19":0,"20":0,"21":0,"22":0},"f":{"0":0,"1":0,"2":0,"3":0},"b":{"0":[0,0],"1":[0],"2":[0,0],"3":[0],"4":[0,0]},"meta":{"lastBranch":5,"lastFunction":4,"lastStatement":23,"seen":{"s:12:13:66:Infinity":0,"f:12:13:12:29":0,"s:13:8:13:41":1,"b:14:2:15:Infinity:undefined:undefined:undefined:undefined":0,"s:14:2:15:Infinity":2,"s:15:4:15:Infinity":3,"s:17:28:17:Infinity":4,"s:19:23:19:57":5,"s:21:17:22:Infinity":6,"f:21:17:21:29":1,"s:22:4:22:Infinity":7,"s:25:16:38:Infinity":8,"f:25:16:25:Infinity":2,"b:28:44:28:46":1,"s:30:4:30:Infinity":9,"s:32:4:38:Infinity":10,"s:33:6:33:Infinity":11,"s:34:6:34:Infinity":12,"s:36:6:36:Infinity":13,"b:36:37:36:49:36:49:36:58":2,"s:38:6:38:Infinity":14,"s:42:19:55:Infinity":15,"f:42:19:42:Infinity":3,"b:45:44:45:46":3,"s:47:4:47:Infinity":16,"s:49:4:55:Infinity":17,"s:50:6:50:Infinity":18,"s:51:6:51:Infinity":19,"s:53:6:53:Infinity":20,"b:53:37:53:49:53:49:53:58":4,"s:55:6:55:Infinity":21,"s:59:2:66:Infinity":22}}}
,"/Users/sofaberezina/Rallyn/activity-platform/src/shared/lib/analytics/metrica.ts": {"path":"/Users/sofaberezina/Rallyn/activity-platform/src/shared/lib/analytics/metrica.ts","statementMap":{"0":{"start":{"line":3,"column":26},"end":{"line":3,"column":null}},"1":{"start":{"line":4,"column":18},"end":{"line":4,"column":45}},"2":{"start":{"line":6,"column":25},"end":{"line":6,"column":51}},"3":{"start":{"line":10,"column":6},"end":{"line":20,"column":null}},"4":{"start":{"line":11,"column":21},"end":{"line":11,"column":null}},"5":{"start":{"line":12,"column":2},"end":{"line":12,"column":null}},"6":{"start":{"line":12,"column":18},"end":{"line":12,"column":null}},"7":{"start":{"line":14,"column":8},"end":{"line":16,"column":null}},"8":{"start":{"line":15,"column":4},"end":{"line":15,"column":null}},"9":{"start":{"line":16,"column":4},"end":{"line":16,"column":null}},"10":{"start":{"line":19,"column":2},"end":{"line":19,"column":null}},"11":{"start":{"line":20,"column":2},"end":{"line":20,"column":null}},"12":{"start":{"line":23,"column":13},"end":{"line":44,"column":null}},"13":{"start":{"line":24,"column":2},"end":{"line":24,"column":null}},"14":{"start":{"line":24,"column":25},"end":{"line":24,"column":null}},"15":{"start":{"line":26,"column":2},"end":{"line":26,"column":null}},"16":{"start":{"line":26,"column":50},"end":{"line":26,"column":null}},"17":{"start":{"line":28,"column":2},"end":{"line":28,"column":null}},"18":{"start":{"line":30,"column":17},"end":{"line":30,"column":49}},"19":{"start":{"line":31,"column":2},"end":{"line":31,"column":null}},"20":{"start":{"line":32,"column":2},"end":{"line":32,"column":null}},"21":{"start":{"line":33,"column":2},"end":{"line":33,"column":null}},"22":{"start":{"line":35,"column":2},"end":{"line":41,"column":null}},"23":{"start":{"line":36,"column":4},"end":{"line":41,"column":null}},"24":{"start":{"line":44,"column":2},"end":{"line":44,"column":null}},"25":{"start":{"line":47,"column":13},"end":{"line":49,"column":null}},"26":{"start":{"line":48,"column":2},"end":{"line":48,"column":null}},"27":{"start":{"line":48,"column":25},"end":{"line":48,"column":null}},"28":{"start":{"line":49,"column":2},"end":{"line":49,"column":null}},"29":{"start":{"line":52,"column":13},"end":{"line":54,"column":null}},"30":{"start":{"line":53,"column":2},"end":{"line":53,"column":null}},"31":{"start":{"line":53,"column":25},"end":{"line":53,"column":null}},"32":{"start":{"line":54,"column":2},"end":{"line":54,"column":null}}},"fnMap":{"0":{"name":"(anonymous_0)","decl":{"start":{"line":10,"column":6},"end":{"line":10,"column":23}},"loc":{"start":{"line":10,"column":23},"end":{"line":20,"column":null}},"line":10},"1":{"name":"(anonymous_1)","decl":{"start":{"line":14,"column":8},"end":{"line":14,"column":32}},"loc":{"start":{"line":14,"column":55},"end":{"line":16,"column":null}},"line":14},"2":{"name":"(anonymous_2)","decl":{"start":{"line":23,"column":13},"end":{"line":23,"column":33}},"loc":{"start":{"line":23,"column":33},"end":{"line":44,"column":null}},"line":23},"3":{"name":"(anonymous_3)","decl":{"start":{"line":35,"column":9},"end":{"line":35,"column":24}},"loc":{"start":{"line":35,"column":24},"end":{"line":41,"column":null}},"line":35},"4":{"name":"(anonymous_4)","decl":{"start":{"line":47,"column":13},"end":{"line":47,"column":27}},"loc":{"start":{"line":47,"column":45},"end":{"line":49,"column":null}},"line":47},"5":{"name":"(anonymous_5)","decl":{"start":{"line":52,"column":13},"end":{"line":52,"column":26}},"loc":{"start":{"line":52,"column":42},"end":{"line":54,"column":null}},"line":52}},"branchMap":{"0":{"loc":{"start":{"line":12,"column":2},"end":{"line":12,"column":null}},"type":"if","locations":[{"start":{"line":12,"column":2},"end":{"line":12,"column":null}},{"start":{},"end":{}}],"line":12},"1":{"loc":{"start":{"line":15,"column":17},"end":{"line":15,"column":33}},"type":"binary-expr","locations":[{"start":{"line":15,"column":17},"end":{"line":15,"column":31}},{"start":{"line":15,"column":31},"end":{"line":15,"column":33}}],"line":15},"2":{"loc":{"start":{"line":24,"column":2},"end":{"line":24,"column":null}},"type":"if","locations":[{"start":{"line":24,"column":2},"end":{"line":24,"column":null}},{"start":{},"end":{}}],"line":24},"3":{"loc":{"start":{"line":26,"column":2},"end":{"line":26,"column":null}},"type":"if","locations":[{"start":{"line":26,"column":2},"end":{"line":26,"column":null}},{"start":{},"end":{}}],"line":26},"4":{"loc":{"start":{"line":48,"column":2},"end":{"line":48,"column":null}},"type":"if","locations":[{"start":{"line":48,"column":2},"end":{"line":48,"column":null}},{"start":{},"end":{}}],"line":48},"5":{"loc":{"start":{"line":53,"column":2},"end":{"line":53,"column":null}},"type":"if","locations":[{"start":{"line":53,"column":2},"end":{"line":53,"column":null}},{"start":{},"end":{}}],"line":53}},"s":{"0":1,"1":1,"2":1,"3":1,"4":0,"5":0,"6":0,"7":0,"8":0,"9":0,"10":0,"11":0,"12":1,"13":0,"14":0,"15":0,"16":0,"17":0,"18":0,"19":0,"20":0,"21":0,"22":0,"23":0,"24":0,"25":1,"26":0,"27":0,"28":0,"29":1,"30":0,"31":0,"32":0},"f":{"0":0,"1":0,"2":0,"3":0,"4":0,"5":0},"b":{"0":[0,0],"1":[0,0],"2":[0,0],"3":[0,0],"4":[0,0],"5":[0,0]},"meta":{"lastBranch":6,"lastFunction":6,"lastStatement":33,"seen":{"s:3:26:3:Infinity":0,"s:4:18:4:45":1,"s:6:25:6:51":2,"s:10:6:20:Infinity":3,"f:10:6:10:23":0,"s:11:21:11:Infinity":4,"b:12:2:12:Infinity:undefined:undefined:undefined:undefined":0,"s:12:2:12:Infinity":5,"s:12:18:12:Infinity":6,"s:14:8:16:Infinity":7,"f:14:8:14:32":1,"s:15:4:15:Infinity":8,"b:15:17:15:31:15:31:15:33":1,"s:16:4:16:Infinity":9,"s:19:2:19:Infinity":10,"s:20:2:20:Infinity":11,"s:23:13:44:Infinity":12,"f:23:13:23:33":2,"b:24:2:24:Infinity:undefined:undefined:undefined:undefined":2,"s:24:2:24:Infinity":13,"s:24:25:24:Infinity":14,"b:26:2:26:Infinity:undefined:undefined:undefined:undefined":3,"s:26:2:26:Infinity":15,"s:26:50:26:Infinity":16,"s:28:2:28:Infinity":17,"s:30:17:30:49":18,"s:31:2:31:Infinity":19,"s:32:2:32:Infinity":20,"s:33:2:33:Infinity":21,"s:35:2:41:Infinity":22,"f:35:9:35:24":3,"s:36:4:41:Infinity":23,"s:44:2:44:Infinity":24,"s:47:13:49:Infinity":25,"f:47:13:47:27":4,"b:48:2:48:Infinity:undefined:undefined:undefined:undefined":4,"s:48:2:48:Infinity":26,"s:48:25:48:Infinity":27,"s:49:2:49:Infinity":28,"s:52:13:54:Infinity":29,"f:52:13:52:26":5,"b:53:2:53:Infinity:undefined:undefined:undefined:undefined":5,"s:53:2:53:Infinity":30,"s:53:25:53:Infinity":31,"s:54:2:54:Infinity":32}}}
,"/Users/sofaberezina/Rallyn/activity-platform/src/shared/lib/notifications/notify.ts": {"path":"/Users/sofaberezina/Rallyn/activity-platform/src/shared/lib/notifications/notify.ts","statementMap":{"0":{"start":{"line":3,"column":22},"end":{"line":15,"column":null}},"1":{"start":{"line":4,"column":22},"end":{"line":4,"column":57}},"2":{"start":{"line":5,"column":22},"end":{"line":5,"column":60}},"3":{"start":{"line":6,"column":25},"end":{"line":6,"column":65}},"4":{"start":{"line":7,"column":25},"end":{"line":7,"column":62}},"5":{"start":{"line":8,"column":25},"end":{"line":8,"column":60}},"6":{"start":{"line":9,"column":24},"end":{"line":9,"column":57}},"7":{"start":{"line":10,"column":22},"end":{"line":10,"column":55}},"8":{"start":{"line":12,"column":4},"end":{"line":12,"column":69}},"9":{"start":{"line":13,"column":26},"end":{"line":13,"column":56}},"10":{"start":{"line":14,"column":30},"end":{"line":14,"column":null}}},"fnMap":{"0":{"name":"(anonymous_0)","decl":{"start":{"line":4,"column":2},"end":{"line":4,"column":22}},"loc":{"start":{"line":4,"column":22},"end":{"line":4,"column":57}},"line":4},"1":{"name":"(anonymous_1)","decl":{"start":{"line":5,"column":2},"end":{"line":5,"column":22}},"loc":{"start":{"line":5,"column":22},"end":{"line":5,"column":60}},"line":5},"2":{"name":"(anonymous_2)","decl":{"start":{"line":6,"column":2},"end":{"line":6,"column":25}},"loc":{"start":{"line":6,"column":25},"end":{"line":6,"column":65}},"line":6},"3":{"name":"(anonymous_3)","decl":{"start":{"line":7,"column":2},"end":{"line":7,"column":25}},"loc":{"start":{"line":7,"column":25},"end":{"line":7,"column":62}},"line":7},"4":{"name":"(anonymous_4)","decl":{"start":{"line":8,"column":2},"end":{"line":8,"column":25}},"loc":{"start":{"line":8,"column":25},"end":{"line":8,"column":60}},"line":8},"5":{"name":"(anonymous_5)","decl":{"start":{"line":9,"column":2},"end":{"line":9,"column":24}},"loc":{"start":{"line":9,"column":24},"end":{"line":9,"column":57}},"line":9},"6":{"name":"(anonymous_6)","decl":{"start":{"line":10,"column":2},"end":{"line":10,"column":22}},"loc":{"start":{"line":10,"column":22},"end":{"line":10,"column":55}},"line":10},"7":{"name":"(anonymous_7)","decl":{"start":{"line":11,"column":2},"end":{"line":11,"column":null}},"loc":{"start":{"line":12,"column":4},"end":{"line":12,"column":69}},"line":12},"8":{"name":"(anonymous_8)","decl":{"start":{"line":13,"column":2},"end":{"line":13,"column":26}},"loc":{"start":{"line":13,"column":26},"end":{"line":13,"column":56}},"line":13},"9":{"name":"(anonymous_9)","decl":{"start":{"line":14,"column":2},"end":{"line":14,"column":10}},"loc":{"start":{"line":14,"column":30},"end":{"line":14,"column":null}},"line":14}},"branchMap":{},"s":{"0":2,"1":0,"2":0,"3":0,"4":0,"5":0,"6":0,"7":0,"8":0,"9":0,"10":0},"f":{"0":0,"1":0,"2":0,"3":0,"4":0,"5":0,"6":0,"7":0,"8":0,"9":0},"b":{},"meta":{"lastBranch":0,"lastFunction":10,"lastStatement":11,"seen":{"s:3:22:15:Infinity":0,"f:4:2:4:22":0,"s:4:22:4:57":1,"f:5:2:5:22":1,"s:5:22:5:60":2,"f:6:2:6:25":2,"s:6:25:6:65":3,"f:7:2:7:25":3,"s:7:25:7:62":4,"f:8:2:8:25":4,"s:8:25:8:60":5,"f:9:2:9:24":5,"s:9:24:9:57":6,"f:10:2:10:22":6,"s:10:22:10:55":7,"f:11:2:11:Infinity":7,"s:12:4:12:69":8,"f:13:2:13:26":8,"s:13:26:13:56":9,"f:14:2:14:10":9,"s:14:30:14:Infinity":10}}}
,"/Users/sofaberezina/Rallyn/activity-platform/src/shared/ui/index.ts": {"path":"/Users/sofaberezina/Rallyn/activity-platform/src/shared/ui/index.ts","statementMap":{},"fnMap":{},"branchMap":{},"s":{},"f":{},"b":{},"meta":{"lastBranch":0,"lastFunction":0,"lastStatement":0,"seen":{}}}
,"/Users/sofaberezina/Rallyn/activity-platform/src/shared/ui/Button/Button.tsx": {"path":"/Users/sofaberezina/Rallyn/activity-platform/src/shared/ui/Button/Button.tsx","statementMap":{"0":{"start":{"line":11,"column":6},"end":{"line":20,"column":null}},"1":{"start":{"line":17,"column":2},"end":{"line":20,"column":null}}},"fnMap":{"0":{"name":"(anonymous_0)","decl":{"start":{"line":11,"column":6},"end":{"line":11,"column":16}},"loc":{"start":{"line":16,"column":68},"end":{"line":20,"column":null}},"line":16}},"branchMap":{"0":{"loc":{"start":{"line":13,"column":2},"end":{"line":13,"column":null}},"type":"default-arg","locations":[{"start":{"line":13,"column":12},"end":{"line":13,"column":null}}],"line":13}},"s":{"0":4,"1":28},"f":{"0":28},"b":{"0":[28]},"meta":{"lastBranch":1,"lastFunction":1,"lastStatement":2,"seen":{"s:11:6:20:Infinity":0,"f:11:6:11:16":0,"b:13:12:13:Infinity":0,"s:17:2:20:Infinity":1}}}
,"/Users/sofaberezina/Rallyn/activity-platform/src/shared/ui/Button/button.scss": {"path":"/Users/sofaberezina/Rallyn/activity-platform/src/shared/ui/Button/button.scss","statementMap":{},"fnMap":{},"branchMap":{},"s":{},"f":{},"b":{},"meta":{"lastBranch":0,"lastFunction":0,"lastStatement":0,"seen":{}}}
,"/Users/sofaberezina/Rallyn/activity-platform/src/shared/ui/Button/index.ts": {"path":"/Users/sofaberezina/Rallyn/activity-platform/src/shared/ui/Button/index.ts","statementMap":{},"fnMap":{},"branchMap":{},"s":{},"f":{},"b":{},"meta":{"lastBranch":0,"lastFunction":0,"lastStatement":0,"seen":{}}}
,"/Users/sofaberezina/Rallyn/activity-platform/src/shared/ui/EmptyState/EmptyState.tsx": {"path":"/Users/sofaberezina/Rallyn/activity-platform/src/shared/ui/EmptyState/EmptyState.tsx","statementMap":{"0":{"start":{"line":9,"column":6},"end":{"line":34,"column":null}},"1":{"start":{"line":10,"column":2},"end":{"line":34,"column":null}}},"fnMap":{"0":{"name":"(anonymous_0)","decl":{"start":{"line":9,"column":6},"end":{"line":9,"column":20}},"loc":{"start":{"line":9,"column":73},"end":{"line":34,"column":null}},"line":9}},"branchMap":{"0":{"loc":{"start":{"line":25,"column":11},"end":{"line":28,"column":null}},"type":"binary-expr","locations":[{"start":{"line":25,"column":11},"end":{"line":25,"column":null}},{"start":{"line":26,"column":12},"end":{"line":28,"column":null}}],"line":25},"1":{"loc":{"start":{"line":31,"column":11},"end":{"line":31,"column":null}},"type":"binary-expr","locations":[{"start":{"line":31,"column":11},"end":{"line":31,"column":21}},{"start":{"line":31,"column":21},"end":{"line":31,"column":null}}],"line":31}},"s":{"0":3,"1":0},"f":{"0":0},"b":{"0":[0,0],"1":[0,0]},"meta":{"lastBranch":2,"lastFunction":1,"lastStatement":2,"seen":{"s:9:6:34:Infinity":0,"f:9:6:9:20":0,"s:10:2:34:Infinity":1,"b:25:11:25:Infinity:26:12:28:Infinity":0,"b:31:11:31:21:31:21:31:Infinity":1}}}
,"/Users/sofaberezina/Rallyn/activity-platform/src/shared/ui/EmptyState/index.ts": {"path":"/Users/sofaberezina/Rallyn/activity-platform/src/shared/ui/EmptyState/index.ts","statementMap":{},"fnMap":{},"branchMap":{},"s":{},"f":{},"b":{},"meta":{"lastBranch":0,"lastFunction":0,"lastStatement":0,"seen":{}}}
,"/Users/sofaberezina/Rallyn/activity-platform/src/shared/ui/Form/FormError.tsx": {"path":"/Users/sofaberezina/Rallyn/activity-platform/src/shared/ui/Form/FormError.tsx","statementMap":{"0":{"start":{"line":5,"column":13},"end":{"line":8,"column":null}},"1":{"start":{"line":6,"column":2},"end":{"line":6,"column":null}},"2":{"start":{"line":6,"column":16},"end":{"line":6,"column":null}},"3":{"start":{"line":8,"column":2},"end":{"line":8,"column":null}}},"fnMap":{"0":{"name":"(anonymous_0)","decl":{"start":{"line":5,"column":13},"end":{"line":5,"column":26}},"loc":{"start":{"line":5,"column":59},"end":{"line":8,"column":null}},"line":5}},"branchMap":{"0":{"loc":{"start":{"line":6,"column":2},"end":{"line":6,"column":null}},"type":"if","locations":[{"start":{"line":6,"column":2},"end":{"line":6,"column":null}},{"start":{},"end":{}}],"line":6}},"s":{"0":3,"1":80,"2":72,"3":8},"f":{"0":80},"b":{"0":[72,8]},"meta":{"lastBranch":1,"lastFunction":1,"lastStatement":4,"seen":{"s:5:13:8:Infinity":0,"f:5:13:5:26":0,"b:6:2:6:Infinity:undefined:undefined:undefined:undefined":0,"s:6:2:6:Infinity":1,"s:6:16:6:Infinity":2,"s:8:2:8:Infinity":3}}}
,"/Users/sofaberezina/Rallyn/activity-platform/src/shared/ui/Form/FormInput.tsx": {"path":"/Users/sofaberezina/Rallyn/activity-platform/src/shared/ui/Form/FormInput.tsx","statementMap":{"0":{"start":{"line":12,"column":13},"end":{"line":22,"column":null}},"1":{"start":{"line":19,"column":2},"end":{"line":22,"column":null}}},"fnMap":{"0":{"name":"(anonymous_0)","decl":{"start":{"line":12,"column":13},"end":{"line":12,"column":26}},"loc":{"start":{"line":18,"column":23},"end":{"line":22,"column":null}},"line":18}},"branchMap":{"0":{"loc":{"start":{"line":20,"column":24},"end":{"line":20,"column":41}},"type":"binary-expr","locations":[{"start":{"line":20,"column":24},"end":{"line":20,"column":30}},{"start":{"line":20,"column":30},"end":{"line":20,"column":41}}],"line":20}},"s":{"0":3,"1":50},"f":{"0":50},"b":{"0":[50,0]},"meta":{"lastBranch":1,"lastFunction":1,"lastStatement":2,"seen":{"s:12:13:22:Infinity":0,"f:12:13:12:26":0,"s:19:2:22:Infinity":1,"b:20:24:20:30:20:30:20:41":0}}}
,"/Users/sofaberezina/Rallyn/activity-platform/src/shared/ui/Form/FormRoot.tsx": {"path":"/Users/sofaberezina/Rallyn/activity-platform/src/shared/ui/Form/FormRoot.tsx","statementMap":{"0":{"start":{"line":4,"column":13},"end":{"line":9,"column":null}},"1":{"start":{"line":8,"column":2},"end":{"line":9,"column":null}}},"fnMap":{"0":{"name":"(anonymous_0)","decl":{"start":{"line":4,"column":13},"end":{"line":4,"column":25}},"loc":{"start":{"line":7,"column":43},"end":{"line":9,"column":null}},"line":7}},"branchMap":{},"s":{"0":3,"1":20},"f":{"0":20},"b":{},"meta":{"lastBranch":0,"lastFunction":1,"lastStatement":2,"seen":{"s:4:13:9:Infinity":0,"f:4:13:4:25":0,"s:8:2:9:Infinity":1}}}
,"/Users/sofaberezina/Rallyn/activity-platform/src/shared/ui/Form/FormSelect.tsx": {"path":"/Users/sofaberezina/Rallyn/activity-platform/src/shared/ui/Form/FormSelect.tsx","statementMap":{"0":{"start":{"line":13,"column":13},"end":{"line":26,"column":null}},"1":{"start":{"line":21,"column":2},"end":{"line":26,"column":null}}},"fnMap":{"0":{"name":"(anonymous_0)","decl":{"start":{"line":13,"column":13},"end":{"line":13,"column":27}},"loc":{"start":{"line":20,"column":24},"end":{"line":26,"column":null}},"line":20}},"branchMap":{"0":{"loc":{"start":{"line":22,"column":24},"end":{"line":22,"column":41}},"type":"binary-expr","locations":[{"start":{"line":22,"column":24},"end":{"line":22,"column":30}},{"start":{"line":22,"column":30},"end":{"line":22,"column":41}}],"line":22}},"s":{"0":3,"1":10},"f":{"0":10},"b":{"0":[10,0]},"meta":{"lastBranch":1,"lastFunction":1,"lastStatement":2,"seen":{"s:13:13:26:Infinity":0,"f:13:13:13:27":0,"s:21:2:26:Infinity":1,"b:22:24:22:30:22:30:22:41":0}}}
,"/Users/sofaberezina/Rallyn/activity-platform/src/shared/ui/Form/FormTextarea.tsx": {"path":"/Users/sofaberezina/Rallyn/activity-platform/src/shared/ui/Form/FormTextarea.tsx","statementMap":{"0":{"start":{"line":12,"column":13},"end":{"line":22,"column":null}},"1":{"start":{"line":19,"column":2},"end":{"line":22,"column":null}}},"fnMap":{"0":{"name":"(anonymous_0)","decl":{"start":{"line":12,"column":13},"end":{"line":12,"column":29}},"loc":{"start":{"line":18,"column":26},"end":{"line":22,"column":null}},"line":18}},"branchMap":{"0":{"loc":{"start":{"line":20,"column":24},"end":{"line":20,"column":41}},"type":"binary-expr","locations":[{"start":{"line":20,"column":24},"end":{"line":20,"column":30}},{"start":{"line":20,"column":30},"end":{"line":20,"column":41}}],"line":20}},"s":{"0":3,"1":10},"f":{"0":10},"b":{"0":[10,0]},"meta":{"lastBranch":1,"lastFunction":1,"lastStatement":2,"seen":{"s:12:13:22:Infinity":0,"f:12:13:12:29":0,"s:19:2:22:Infinity":1,"b:20:24:20:30:20:30:20:41":0}}}
,"/Users/sofaberezina/Rallyn/activity-platform/src/shared/ui/Form/Select.tsx": {"path":"/Users/sofaberezina/Rallyn/activity-platform/src/shared/ui/Form/Select.tsx","statementMap":{"0":{"start":{"line":4,"column":13},"end":{"line":7,"column":null}},"1":{"start":{"line":7,"column":2},"end":{"line":7,"column":null}}},"fnMap":{"0":{"name":"(anonymous_0)","decl":{"start":{"line":4,"column":13},"end":{"line":4,"column":null}},"loc":{"start":{"line":6,"column":5},"end":{"line":7,"column":null}},"line":6}},"branchMap":{},"s":{"0":3,"1":10},"f":{"0":10},"b":{},"meta":{"lastBranch":0,"lastFunction":1,"lastStatement":2,"seen":{"s:4:13:7:Infinity":0,"f:4:13:4:Infinity":0,"s:7:2:7:Infinity":1}}}
,"/Users/sofaberezina/Rallyn/activity-platform/src/shared/ui/Form/SubmitButton.tsx": {"path":"/Users/sofaberezina/Rallyn/activity-platform/src/shared/ui/Form/SubmitButton.tsx","statementMap":{"0":{"start":{"line":12,"column":13},"end":{"line":28,"column":null}},"1":{"start":{"line":20,"column":2},"end":{"line":28,"column":null}}},"fnMap":{"0":{"name":"(anonymous_0)","decl":{"start":{"line":12,"column":13},"end":{"line":12,"column":29}},"loc":{"start":{"line":19,"column":26},"end":{"line":28,"column":null}},"line":19}},"branchMap":{"0":{"loc":{"start":{"line":13,"column":2},"end":{"line":13,"column":null}},"type":"default-arg","locations":[{"start":{"line":13,"column":17},"end":{"line":13,"column":null}}],"line":13},"1":{"loc":{"start":{"line":17,"column":2},"end":{"line":17,"column":null}},"type":"default-arg","locations":[{"start":{"line":17,"column":12},"end":{"line":17,"column":null}}],"line":17},"2":{"loc":{"start":{"line":24,"column":16},"end":{"line":24,"column":null}},"type":"binary-expr","locations":[{"start":{"line":24,"column":16},"end":{"line":24,"column":28}},{"start":{"line":24,"column":28},"end":{"line":24,"column":null}}],"line":24},"3":{"loc":{"start":{"line":27,"column":7},"end":{"line":27,"column":null}},"type":"cond-expr","locations":[{"start":{"line":27,"column":40},"end":{"line":27,"column":57}},{"start":{"line":27,"column":57},"end":{"line":27,"column":null}}],"line":27},"4":{"loc":{"start":{"line":27,"column":7},"end":{"line":27,"column":40}},"type":"binary-expr","locations":[{"start":{"line":27,"column":7},"end":{"line":27,"column":23}},{"start":{"line":27,"column":23},"end":{"line":27,"column":40}}],"line":27}},"s":{"0":3,"1":20},"f":{"0":20},"b":{"0":[20],"1":[20],"2":[20,20],"3":[4,16],"4":[20,4]},"meta":{"lastBranch":5,"lastFunction":1,"lastStatement":2,"seen":{"s:12:13:28:Infinity":0,"f:12:13:12:29":0,"b:13:17:13:Infinity":0,"b:17:12:17:Infinity":1,"s:20:2:28:Infinity":1,"b:24:16:24:28:24:28:24:Infinity":2,"b:27:40:27:57:27:57:27:Infinity":3,"b:27:7:27:23:27:23:27:40":4}}}
,"/Users/sofaberezina/Rallyn/activity-platform/src/shared/ui/Form/Textarea.tsx": {"path":"/Users/sofaberezina/Rallyn/activity-platform/src/shared/ui/Form/Textarea.tsx","statementMap":{"0":{"start":{"line":4,"column":13},"end":{"line":7,"column":null}},"1":{"start":{"line":7,"column":2},"end":{"line":7,"column":null}}},"fnMap":{"0":{"name":"(anonymous_0)","decl":{"start":{"line":4,"column":13},"end":{"line":4,"column":null}},"loc":{"start":{"line":6,"column":5},"end":{"line":7,"column":null}},"line":6}},"branchMap":{},"s":{"0":3,"1":10},"f":{"0":10},"b":{},"meta":{"lastBranch":0,"lastFunction":1,"lastStatement":2,"seen":{"s:4:13:7:Infinity":0,"f:4:13:4:Infinity":0,"s:7:2:7:Infinity":1}}}
,"/Users/sofaberezina/Rallyn/activity-platform/src/shared/ui/Form/index.ts": {"path":"/Users/sofaberezina/Rallyn/activity-platform/src/shared/ui/Form/index.ts","statementMap":{},"fnMap":{},"branchMap":{},"s":{},"f":{},"b":{},"meta":{"lastBranch":0,"lastFunction":0,"lastStatement":0,"seen":{}}}
,"/Users/sofaberezina/Rallyn/activity-platform/src/shared/ui/FormField/FormField.tsx": {"path":"/Users/sofaberezina/Rallyn/activity-platform/src/shared/ui/FormField/FormField.tsx","statementMap":{"0":{"start":{"line":13,"column":13},"end":{"line":37,"column":null}},"1":{"start":{"line":21,"column":2},"end":{"line":37,"column":null}}},"fnMap":{"0":{"name":"(anonymous_0)","decl":{"start":{"line":13,"column":13},"end":{"line":13,"column":26}},"loc":{"start":{"line":20,"column":23},"end":{"line":37,"column":null}},"line":20}},"branchMap":{"0":{"loc":{"start":{"line":35,"column":7},"end":{"line":37,"column":null}},"type":"cond-expr","locations":[{"start":{"line":36,"column":8},"end":{"line":37,"column":null}},{"start":{"line":37,"column":10},"end":{"line":37,"column":null}}],"line":35}},"s":{"0":3,"1":70},"f":{"0":70},"b":{"0":[0,70]},"meta":{"lastBranch":1,"lastFunction":1,"lastStatement":2,"seen":{"s:13:13:37:Infinity":0,"f:13:13:13:26":0,"s:21:2:37:Infinity":1,"b:36:8:37:Infinity:37:10:37:Infinity":0}}}
,"/Users/sofaberezina/Rallyn/activity-platform/src/shared/ui/FormField/index.ts": {"path":"/Users/sofaberezina/Rallyn/activity-platform/src/shared/ui/FormField/index.ts","statementMap":{},"fnMap":{},"branchMap":{},"s":{},"f":{},"b":{},"meta":{"lastBranch":0,"lastFunction":0,"lastStatement":0,"seen":{}}}
,"/Users/sofaberezina/Rallyn/activity-platform/src/shared/ui/Header/Header.tsx": {"path":"/Users/sofaberezina/Rallyn/activity-platform/src/shared/ui/Header/Header.tsx","statementMap":{"0":{"start":{"line":10,"column":6},"end":{"line":50,"column":null}},"1":{"start":{"line":11,"column":8},"end":{"line":11,"column":32}},"2":{"start":{"line":12,"column":8},"end":{"line":12,"column":32}},"3":{"start":{"line":13,"column":10},"end":{"line":13,"column":30}},"4":{"start":{"line":14,"column":26},"end":{"line":14,"column":56}},"5":{"start":{"line":16,"column":20},"end":{"line":16,"column":60}},"6":{"start":{"line":17,"column":17},"end":{"line":17,"column":null}},"7":{"start":{"line":18,"column":29},"end":{"line":22,"column":null}},"8":{"start":{"line":24,"column":2},"end":{"line":50,"column":null}},"9":{"start":{"line":45,"column":12},"end":{"line":45,"column":null}},"10":{"start":{"line":46,"column":12},"end":{"line":46,"column":null}}},"fnMap":{"0":{"name":"(anonymous_0)","decl":{"start":{"line":10,"column":6},"end":{"line":10,"column":31}},"loc":{"start":{"line":10,"column":31},"end":{"line":50,"column":null}},"line":10},"1":{"name":"(anonymous_1)","decl":{"start":{"line":44,"column":19},"end":{"line":44,"column":31}},"loc":{"start":{"line":44,"column":31},"end":{"line":46,"column":null}},"line":44}},"branchMap":{"0":{"loc":{"start":{"line":28,"column":7},"end":{"line":36,"column":null}},"type":"binary-expr","locations":[{"start":{"line":28,"column":7},"end":{"line":28,"column":null}},{"start":{"line":29,"column":8},"end":{"line":36,"column":null}}],"line":28},"1":{"loc":{"start":{"line":35,"column":11},"end":{"line":36,"column":null}},"type":"binary-expr","locations":[{"start":{"line":35,"column":11},"end":{"line":35,"column":null}},{"start":{"line":36,"column":12},"end":{"line":36,"column":null}}],"line":35},"2":{"loc":{"start":{"line":41,"column":7},"end":{"line":50,"column":null}},"type":"binary-expr","locations":[{"start":{"line":41,"column":7},"end":{"line":41,"column":null}},{"start":{"line":42,"column":8},"end":{"line":50,"column":null}}],"line":41}},"s":{"0":4,"1":4,"2":4,"3":4,"4":4,"5":4,"6":4,"7":4,"8":4,"9":0,"10":0},"f":{"0":4,"1":0},"b":{"0":[4,4],"1":[4,3],"2":[4,0]},"meta":{"lastBranch":3,"lastFunction":2,"lastStatement":11,"seen":{"s:10:6:50:Infinity":0,"f:10:6:10:31":0,"s:11:8:11:32":1,"s:12:8:12:32":2,"s:13:10:13:30":3,"s:14:26:14:56":4,"s:16:20:16:60":5,"s:17:17:17:Infinity":6,"s:18:29:22:Infinity":7,"s:24:2:50:Infinity":8,"b:28:7:28:Infinity:29:8:36:Infinity":0,"b:35:11:35:Infinity:36:12:36:Infinity":1,"b:41:7:41:Infinity:42:8:50:Infinity":2,"f:44:19:44:31":1,"s:45:12:45:Infinity":9,"s:46:12:46:Infinity":10}}}
,"/Users/sofaberezina/Rallyn/activity-platform/src/shared/ui/Header/header.scss": {"path":"/Users/sofaberezina/Rallyn/activity-platform/src/shared/ui/Header/header.scss","statementMap":{},"fnMap":{},"branchMap":{},"s":{},"f":{},"b":{},"meta":{"lastBranch":0,"lastFunction":0,"lastStatement":0,"seen":{}}}
,"/Users/sofaberezina/Rallyn/activity-platform/src/shared/ui/Header/index.ts": {"path":"/Users/sofaberezina/Rallyn/activity-platform/src/shared/ui/Header/index.ts","statementMap":{},"fnMap":{},"branchMap":{},"s":{},"f":{},"b":{},"meta":{"lastBranch":0,"lastFunction":0,"lastStatement":0,"seen":{}}}
,"/Users/sofaberezina/Rallyn/activity-platform/src/shared/ui/Input/Input.tsx": {"path":"/Users/sofaberezina/Rallyn/activity-platform/src/shared/ui/Input/Input.tsx","statementMap":{"0":{"start":{"line":4,"column":6},"end":{"line":5,"column":null}},"1":{"start":{"line":5,"column":2},"end":{"line":5,"column":null}}},"fnMap":{"0":{"name":"(anonymous_0)","decl":{"start":{"line":4,"column":6},"end":{"line":4,"column":15}},"loc":{"start":{"line":4,"column":70},"end":{"line":5,"column":null}},"line":4}},"branchMap":{},"s":{"0":3,"1":50},"f":{"0":50},"b":{},"meta":{"lastBranch":0,"lastFunction":1,"lastStatement":2,"seen":{"s:4:6:5:Infinity":0,"f:4:6:4:15":0,"s:5:2:5:Infinity":1}}}
,"/Users/sofaberezina/Rallyn/activity-platform/src/shared/ui/Input/index.ts": {"path":"/Users/sofaberezina/Rallyn/activity-platform/src/shared/ui/Input/index.ts","statementMap":{},"fnMap":{},"branchMap":{},"s":{},"f":{},"b":{},"meta":{"lastBranch":0,"lastFunction":0,"lastStatement":0,"seen":{}}}
,"/Users/sofaberezina/Rallyn/activity-platform/src/shared/ui/Input/input.css": {"path":"/Users/sofaberezina/Rallyn/activity-platform/src/shared/ui/Input/input.css","statementMap":{},"fnMap":{},"branchMap":{},"s":{},"f":{},"b":{},"meta":{"lastBranch":0,"lastFunction":0,"lastStatement":0,"seen":{}}}
,"/Users/sofaberezina/Rallyn/activity-platform/src/shared/ui/Loader/Loader.tsx": {"path":"/Users/sofaberezina/Rallyn/activity-platform/src/shared/ui/Loader/Loader.tsx","statementMap":{"0":{"start":{"line":3,"column":6},"end":{"line":7,"column":null}},"1":{"start":{"line":4,"column":2},"end":{"line":7,"column":null}}},"fnMap":{"0":{"name":"(anonymous_0)","decl":{"start":{"line":3,"column":6},"end":{"line":3,"column":25}},"loc":{"start":{"line":3,"column":25},"end":{"line":7,"column":null}},"line":3}},"branchMap":{},"s":{"0":4,"1":1},"f":{"0":1},"b":{},"meta":{"lastBranch":0,"lastFunction":1,"lastStatement":2,"seen":{"s:3:6:7:Infinity":0,"f:3:6:3:25":0,"s:4:2:7:Infinity":1}}}
,"/Users/sofaberezina/Rallyn/activity-platform/src/shared/ui/Loader/index.ts": {"path":"/Users/sofaberezina/Rallyn/activity-platform/src/shared/ui/Loader/index.ts","statementMap":{},"fnMap":{},"branchMap":{},"s":{},"f":{},"b":{},"meta":{"lastBranch":0,"lastFunction":0,"lastStatement":0,"seen":{}}}
,"/Users/sofaberezina/Rallyn/activity-platform/src/shared/ui/ModalShell/ModalShell.tsx": {"path":"/Users/sofaberezina/Rallyn/activity-platform/src/shared/ui/ModalShell/ModalShell.tsx","statementMap":{"0":{"start":{"line":15,"column":6},"end":{"line":56,"column":null}},"1":{"start":{"line":23,"column":2},"end":{"line":56,"column":null}}},"fnMap":{"0":{"name":"(anonymous_0)","decl":{"start":{"line":15,"column":6},"end":{"line":15,"column":20}},"loc":{"start":{"line":22,"column":24},"end":{"line":56,"column":null}},"line":22}},"branchMap":{},"s":{"0":3,"1":0},"f":{"0":0},"b":{},"meta":{"lastBranch":0,"lastFunction":1,"lastStatement":2,"seen":{"s:15:6:56:Infinity":0,"f:15:6:15:20":0,"s:23:2:56:Infinity":1}}}
,"/Users/sofaberezina/Rallyn/activity-platform/src/shared/ui/ModalShell/index.ts": {"path":"/Users/sofaberezina/Rallyn/activity-platform/src/shared/ui/ModalShell/index.ts","statementMap":{},"fnMap":{},"branchMap":{},"s":{},"f":{},"b":{},"meta":{"lastBranch":0,"lastFunction":0,"lastStatement":0,"seen":{}}}
,"/Users/sofaberezina/Rallyn/activity-platform/src/shared/ui/Navbar/Navbar.tsx": {"path":"/Users/sofaberezina/Rallyn/activity-platform/src/shared/ui/Navbar/Navbar.tsx","statementMap":{"0":{"start":{"line":9,"column":6},"end":{"line":25,"column":null}},"1":{"start":{"line":10,"column":10},"end":{"line":10,"column":28}},"2":{"start":{"line":11,"column":10},"end":{"line":11,"column":43}},"3":{"start":{"line":13,"column":2},"end":{"line":13,"column":null}},"4":{"start":{"line":13,"column":13},"end":{"line":13,"column":null}},"5":{"start":{"line":15,"column":2},"end":{"line":25,"column":null}}},"fnMap":{"0":{"name":"(anonymous_0)","decl":{"start":{"line":9,"column":6},"end":{"line":9,"column":21}},"loc":{"start":{"line":9,"column":21},"end":{"line":25,"column":null}},"line":9}},"branchMap":{"0":{"loc":{"start":{"line":13,"column":2},"end":{"line":13,"column":null}},"type":"if","locations":[{"start":{"line":13,"column":2},"end":{"line":13,"column":null}},{"start":{},"end":{}}],"line":13}},"s":{"0":3,"1":0,"2":0,"3":0,"4":0,"5":0},"f":{"0":0},"b":{"0":[0,0]},"meta":{"lastBranch":1,"lastFunction":1,"lastStatement":6,"seen":{"s:9:6:25:Infinity":0,"f:9:6:9:21":0,"s:10:10:10:28":1,"s:11:10:11:43":2,"b:13:2:13:Infinity:undefined:undefined:undefined:undefined":0,"s:13:2:13:Infinity":3,"s:13:13:13:Infinity":4,"s:15:2:25:Infinity":5}}}
,"/Users/sofaberezina/Rallyn/activity-platform/src/shared/ui/Navbar/index.ts": {"path":"/Users/sofaberezina/Rallyn/activity-platform/src/shared/ui/Navbar/index.ts","statementMap":{},"fnMap":{},"branchMap":{},"s":{},"f":{},"b":{},"meta":{"lastBranch":0,"lastFunction":0,"lastStatement":0,"seen":{}}}
,"/Users/sofaberezina/Rallyn/activity-platform/src/shared/ui/Navbar/navbar.scss": {"path":"/Users/sofaberezina/Rallyn/activity-platform/src/shared/ui/Navbar/navbar.scss","statementMap":{},"fnMap":{},"branchMap":{},"s":{},"f":{},"b":{},"meta":{"lastBranch":0,"lastFunction":0,"lastStatement":0,"seen":{}}}
,"/Users/sofaberezina/Rallyn/activity-platform/src/shared/utils/mapAuthErrorCode.ts": {"path":"/Users/sofaberezina/Rallyn/activity-platform/src/shared/utils/mapAuthErrorCode.ts","statementMap":{"0":{"start":{"line":1,"column":20},"end":{"line":8,"column":null}},"1":{"start":{"line":10,"column":13},"end":{"line":28,"column":null}},"2":{"start":{"line":11,"column":2},"end":{"line":28,"column":null}},"3":{"start":{"line":13,"column":6},"end":{"line":13,"column":null}},"4":{"start":{"line":16,"column":6},"end":{"line":16,"column":null}},"5":{"start":{"line":19,"column":6},"end":{"line":19,"column":null}},"6":{"start":{"line":22,"column":6},"end":{"line":22,"column":null}},"7":{"start":{"line":25,"column":6},"end":{"line":25,"column":null}},"8":{"start":{"line":28,"column":6},"end":{"line":28,"column":null}}},"fnMap":{"0":{"name":"(anonymous_0)","decl":{"start":{"line":10,"column":13},"end":{"line":10,"column":33}},"loc":{"start":{"line":10,"column":50},"end":{"line":28,"column":null}},"line":10}},"branchMap":{"0":{"loc":{"start":{"line":11,"column":2},"end":{"line":28,"column":null}},"type":"switch","locations":[{"start":{"line":12,"column":4},"end":{"line":13,"column":null}},{"start":{"line":15,"column":4},"end":{"line":16,"column":null}},{"start":{"line":18,"column":4},"end":{"line":19,"column":null}},{"start":{"line":21,"column":4},"end":{"line":22,"column":null}},{"start":{"line":24,"column":4},"end":{"line":25,"column":null}},{"start":{"line":27,"column":4},"end":{"line":28,"column":null}}],"line":11}},"s":{"0":4,"1":4,"2":7,"3":1,"4":1,"5":1,"6":1,"7":1,"8":2},"f":{"0":7},"b":{"0":[1,1,1,1,1,2]},"meta":{"lastBranch":1,"lastFunction":1,"lastStatement":9,"seen":{"s:1:20:8:Infinity":0,"s:10:13:28:Infinity":1,"f:10:13:10:33":0,"b:12:4:13:Infinity:15:4:16:Infinity:18:4:19:Infinity:21:4:22:Infinity:24:4:25:Infinity:27:4:28:Infinity":0,"s:11:2:28:Infinity":2,"s:13:6:13:Infinity":3,"s:16:6:16:Infinity":4,"s:19:6:19:Infinity":5,"s:22:6:22:Infinity":6,"s:25:6:25:Infinity":7,"s:28:6:28:Infinity":8}}}
}
