{"/Users/sofaberezina/final-project-2-semester/activity-platform/src/app/providers/AuthProvider.tsx": {"path":"/Users/sofaberezina/final-project-2-semester/activity-platform/src/app/providers/AuthProvider.tsx","statementMap":{"0":{"start":{"line":12,"column":6},"end":{"line":12,"column":63}},"1":{"start":{"line":18,"column":13},"end":{"line":34,"column":null}},"2":{"start":{"line":19,"column":15},"end":{"line":19,"column":53}},"3":{"start":{"line":20,"column":18},"end":{"line":20,"column":46}},"4":{"start":{"line":22,"column":2},"end":{"line":29,"column":null}},"5":{"start":{"line":23,"column":10},"end":{"line":26,"column":null}},"6":{"start":{"line":24,"column":6},"end":{"line":24,"column":null}},"7":{"start":{"line":25,"column":6},"end":{"line":25,"column":null}},"8":{"start":{"line":28,"column":4},"end":{"line":28,"column":null}},"9":{"start":{"line":28,"column":17},"end":{"line":28,"column":30}},"10":{"start":{"line":31,"column":2},"end":{"line":34,"column":null}}},"fnMap":{"0":{"name":"(anonymous_0)","decl":{"start":{"line":18,"column":13},"end":{"line":18,"column":29}},"loc":{"start":{"line":18,"column":66},"end":{"line":34,"column":null}},"line":18},"1":{"name":"(anonymous_1)","decl":{"start":{"line":22,"column":2},"end":{"line":22,"column":18}},"loc":{"start":{"line":22,"column":18},"end":{"line":29,"column":7}},"line":22},"2":{"name":"(anonymous_2)","decl":{"start":{"line":23,"column":43},"end":{"line":23,"column":50}},"loc":{"start":{"line":23,"column":56},"end":{"line":26,"column":null}},"line":23},"3":{"name":"(anonymous_3)","decl":{"start":{"line":28,"column":4},"end":{"line":28,"column":17}},"loc":{"start":{"line":28,"column":17},"end":{"line":28,"column":30}},"line":28}},"branchMap":{},"s":{"0":3,"1":3,"2":0,"3":0,"4":0,"5":0,"6":0,"7":0,"8":0,"9":0,"10":0},"f":{"0":0,"1":0,"2":0,"3":0},"b":{},"meta":{"lastBranch":0,"lastFunction":4,"lastStatement":11,"seen":{"s:12:6:12:63":0,"s:18:13:34:Infinity":1,"f:18:13:18:29":0,"s:19:15:19:53":2,"s:20:18:20:46":3,"s:22:2:29:Infinity":4,"f:22:2:22:18":1,"s:23:10:26:Infinity":5,"f:23:43:23:50":2,"s:24:6:24:Infinity":6,"s:25:6:25:Infinity":7,"s:28:4:28:Infinity":8,"f:28:4:28:17":3,"s:28:17:28:30":9,"s:31:2:34:Infinity":10}}}
,"/Users/sofaberezina/final-project-2-semester/activity-platform/src/app/providers/modalContext.ts": {"path":"/Users/sofaberezina/final-project-2-semester/activity-platform/src/app/providers/modalContext.ts","statementMap":{"0":{"start":{"line":16,"column":13},"end":{"line":16,"column":72}}},"fnMap":{},"branchMap":{},"s":{"0":4},"f":{},"b":{},"meta":{"lastBranch":0,"lastFunction":0,"lastStatement":1,"seen":{"s:16:13:16:72":0}}}
,"/Users/sofaberezina/final-project-2-semester/activity-platform/src/app/providers/useModal.ts": {"path":"/Users/sofaberezina/final-project-2-semester/activity-platform/src/app/providers/useModal.ts","statementMap":{"0":{"start":{"line":4,"column":13},"end":{"line":7,"column":null}},"1":{"start":{"line":5,"column":8},"end":{"line":5,"column":38}},"2":{"start":{"line":6,"column":2},"end":{"line":6,"column":null}},"3":{"start":{"line":6,"column":12},"end":{"line":6,"column":null}},"4":{"start":{"line":7,"column":2},"end":{"line":7,"column":null}}},"fnMap":{"0":{"name":"(anonymous_0)","decl":{"start":{"line":4,"column":13},"end":{"line":4,"column":30}},"loc":{"start":{"line":4,"column":30},"end":{"line":7,"column":null}},"line":4}},"branchMap":{"0":{"loc":{"start":{"line":6,"column":2},"end":{"line":6,"column":null}},"type":"if","locations":[{"start":{"line":6,"column":2},"end":{"line":6,"column":null}},{"start":{},"end":{}}],"line":6}},"s":{"0":4,"1":4,"2":4,"3":0,"4":4},"f":{"0":4},"b":{"0":[0,4]},"meta":{"lastBranch":1,"lastFunction":1,"lastStatement":5,"seen":{"s:4:13:7:Infinity":0,"f:4:13:4:30":0,"s:5:8:5:38":1,"b:6:2:6:Infinity:undefined:undefined:undefined:undefined":0,"s:6:2:6:Infinity":2,"s:6:12:6:Infinity":3,"s:7:2:7:Infinity":4}}}
,"/Users/sofaberezina/final-project-2-semester/activity-platform/src/app/router/ProtectedRoute.tsx": {"path":"/Users/sofaberezina/final-project-2-semester/activity-platform/src/app/router/ProtectedRoute.tsx","statementMap":{"0":{"start":{"line":11,"column":13},"end":{"line":20,"column":null}},"1":{"start":{"line":12,"column":16},"end":{"line":12,"column":48}},"2":{"start":{"line":14,"column":2},"end":{"line":14,"column":null}},"3":{"start":{"line":14,"column":26},"end":{"line":14,"column":null}},"4":{"start":{"line":16,"column":2},"end":{"line":17,"column":null}},"5":{"start":{"line":17,"column":4},"end":{"line":17,"column":null}},"6":{"start":{"line":20,"column":2},"end":{"line":20,"column":null}}},"fnMap":{"0":{"name":"(anonymous_0)","decl":{"start":{"line":11,"column":13},"end":{"line":11,"column":31}},"loc":{"start":{"line":11,"column":70},"end":{"line":20,"column":null}},"line":11}},"branchMap":{"0":{"loc":{"start":{"line":14,"column":2},"end":{"line":14,"column":null}},"type":"if","locations":[{"start":{"line":14,"column":2},"end":{"line":14,"column":null}},{"start":{},"end":{}}],"line":14},"1":{"loc":{"start":{"line":16,"column":2},"end":{"line":17,"column":null}},"type":"if","locations":[{"start":{"line":16,"column":2},"end":{"line":17,"column":null}},{"start":{},"end":{}}],"line":16}},"s":{"0":1,"1":3,"2":3,"3":1,"4":2,"5":1,"6":1},"f":{"0":3},"b":{"0":[1,2],"1":[1,1]},"meta":{"lastBranch":2,"lastFunction":1,"lastStatement":7,"seen":{"s:11:13:20:Infinity":0,"f:11:13:11:31":0,"s:12:16:12:48":1,"b:14:2:14:Infinity:undefined:undefined:undefined:undefined":0,"s:14:2:14:Infinity":2,"s:14:26:14:Infinity":3,"b:16:2:17:Infinity:undefined:undefined:undefined:undefined":1,"s:16:2:17:Infinity":4,"s:17:4:17:Infinity":5,"s:20:2:20:Infinity":6}}}
,"/Users/sofaberezina/final-project-2-semester/activity-platform/src/entities/response/model/types.ts": {"path":"/Users/sofaberezina/final-project-2-semester/activity-platform/src/entities/response/model/types.ts","statementMap":{"0":{"start":{"line":1,"column":31},"end":{"line":5,"column":null}}},"fnMap":{},"branchMap":{},"s":{"0":2},"f":{},"b":{},"meta":{"lastBranch":0,"lastFunction":0,"lastStatement":1,"seen":{"s:1:31:5:Infinity":0}}}
,"/Users/sofaberezina/final-project-2-semester/activity-platform/src/features/activities/ui/ActivityForm/ActivityForm.tsx": {"path":"/Users/sofaberezina/final-project-2-semester/activity-platform/src/features/activities/ui/ActivityForm/ActivityForm.tsx","statementMap":{"0":{"start":{"line":17,"column":6},"end":{"line":85,"column":null}},"1":{"start":{"line":21,"column":25},"end":{"line":25,"column":4}},"2":{"start":{"line":27,"column":2},"end":{"line":85,"column":null}},"3":{"start":{"line":73,"column":10},"end":{"line":75,"column":null}}},"fnMap":{"0":{"name":"(anonymous_0)","decl":{"start":{"line":17,"column":6},"end":{"line":17,"column":22}},"loc":{"start":{"line":17,"column":72},"end":{"line":85,"column":null}},"line":17},"1":{"name":"(anonymous_1)","decl":{"start":{"line":72,"column":25},"end":{"line":72,"column":30}},"loc":{"start":{"line":73,"column":10},"end":{"line":75,"column":null}},"line":73}},"branchMap":{},"s":{"0":1,"1":10,"2":10,"3":50},"f":{"0":10,"1":50},"b":{},"meta":{"lastBranch":0,"lastFunction":2,"lastStatement":4,"seen":{"s:17:6:85:Infinity":0,"f:17:6:17:22":0,"s:21:25:25:4":1,"s:27:2:85:Infinity":2,"f:72:25:72:30":1,"s:73:10:75:Infinity":3}}}
,"/Users/sofaberezina/final-project-2-semester/activity-platform/src/features/auth/ui/AuthForm/AuthForm.tsx": {"path":"/Users/sofaberezina/final-project-2-semester/activity-platform/src/features/auth/ui/AuthForm/AuthForm.tsx","statementMap":{"0":{"start":{"line":11,"column":6},"end":{"line":48,"column":null}},"1":{"start":{"line":16,"column":17},"end":{"line":19,"column":4}},"2":{"start":{"line":21,"column":24},"end":{"line":23,"column":null}},"3":{"start":{"line":22,"column":4},"end":{"line":22,"column":null}},"4":{"start":{"line":23,"column":4},"end":{"line":23,"column":null}},"5":{"start":{"line":26,"column":2},"end":{"line":48,"column":null}}},"fnMap":{"0":{"name":"(anonymous_0)","decl":{"start":{"line":11,"column":6},"end":{"line":11,"column":18}},"loc":{"start":{"line":11,"column":75},"end":{"line":48,"column":null}},"line":11},"1":{"name":"(anonymous_1)","decl":{"start":{"line":21,"column":24},"end":{"line":21,"column":31}},"loc":{"start":{"line":21,"column":51},"end":{"line":23,"column":null}},"line":21}},"branchMap":{"0":{"loc":{"start":{"line":45,"column":26},"end":{"line":45,"column":48}},"type":"binary-expr","locations":[{"start":{"line":45,"column":26},"end":{"line":45,"column":35}},{"start":{"line":45,"column":35},"end":{"line":45,"column":48}}],"line":45},"1":{"loc":{"start":{"line":47,"column":9},"end":{"line":47,"column":null}},"type":"cond-expr","locations":[{"start":{"line":47,"column":28},"end":{"line":47,"column":38}},{"start":{"line":47,"column":38},"end":{"line":47,"column":null}}],"line":47}},"s":{"0":1,"1":10,"2":10,"3":1,"4":1,"5":10},"f":{"0":10,"1":1},"b":{"0":[10,8],"1":[10,0]},"meta":{"lastBranch":2,"lastFunction":2,"lastStatement":6,"seen":{"s:11:6:48:Infinity":0,"f:11:6:11:18":0,"s:16:17:19:4":1,"s:21:24:23:Infinity":2,"f:21:24:21:31":1,"s:22:4:22:Infinity":3,"s:23:4:23:Infinity":4,"s:26:2:48:Infinity":5,"b:45:26:45:35:45:35:45:48":0,"b:47:28:47:38:47:38:47:Infinity":1}}}
,"/Users/sofaberezina/final-project-2-semester/activity-platform/src/features/auth/ui/AuthForm/authForm.scss": {"path":"/Users/sofaberezina/final-project-2-semester/activity-platform/src/features/auth/ui/AuthForm/authForm.scss","statementMap":{},"fnMap":{},"branchMap":{},"s":{},"f":{},"b":{},"meta":{"lastBranch":0,"lastFunction":0,"lastStatement":0,"seen":{}}}
,"/Users/sofaberezina/final-project-2-semester/activity-platform/src/features/responses/model/types.ts": {"path":"/Users/sofaberezina/final-project-2-semester/activity-platform/src/features/responses/model/types.ts","statementMap":{},"fnMap":{},"branchMap":{},"s":{},"f":{},"b":{},"meta":{"lastBranch":0,"lastFunction":0,"lastStatement":0,"seen":{}}}
,"/Users/sofaberezina/final-project-2-semester/activity-platform/src/features/responses/ui/ResponseCard/ResponseCard.tsx": {"path":"/Users/sofaberezina/final-project-2-semester/activity-platform/src/features/responses/ui/ResponseCard/ResponseCard.tsx","statementMap":{"0":{"start":{"line":16,"column":6},"end":{"line":100,"column":null}},"1":{"start":{"line":22,"column":2},"end":{"line":100,"column":null}},"2":{"start":{"line":53,"column":16},"end":{"line":53,"column":69}},"3":{"start":{"line":63,"column":16},"end":{"line":63,"column":69}}},"fnMap":{"0":{"name":"(anonymous_0)","decl":{"start":{"line":16,"column":6},"end":{"line":16,"column":22}},"loc":{"start":{"line":21,"column":26},"end":{"line":100,"column":null}},"line":21},"1":{"name":"(anonymous_1)","decl":{"start":{"line":52,"column":14},"end":{"line":52,"column":null}},"loc":{"start":{"line":53,"column":16},"end":{"line":53,"column":69}},"line":53},"2":{"name":"(anonymous_2)","decl":{"start":{"line":62,"column":14},"end":{"line":62,"column":null}},"loc":{"start":{"line":63,"column":16},"end":{"line":63,"column":69}},"line":63}},"branchMap":{"0":{"loc":{"start":{"line":20,"column":2},"end":{"line":20,"column":null}},"type":"default-arg","locations":[{"start":{"line":20,"column":15},"end":{"line":20,"column":null}}],"line":20},"1":{"loc":{"start":{"line":37,"column":12},"end":{"line":38,"column":null}},"type":"binary-expr","locations":[{"start":{"line":37,"column":12},"end":{"line":37,"column":null}},{"start":{"line":38,"column":12},"end":{"line":38,"column":null}}],"line":37},"2":{"loc":{"start":{"line":47,"column":9},"end":{"line":67,"column":null}},"type":"binary-expr","locations":[{"start":{"line":47,"column":9},"end":{"line":47,"column":null}},{"start":{"line":48,"column":10},"end":{"line":67,"column":null}}],"line":47},"3":{"loc":{"start":{"line":56,"column":15},"end":{"line":56,"column":null}},"type":"cond-expr","locations":[{"start":{"line":56,"column":28},"end":{"line":56,"column":36}},{"start":{"line":56,"column":36},"end":{"line":56,"column":null}}],"line":56},"4":{"loc":{"start":{"line":66,"column":15},"end":{"line":66,"column":null}},"type":"cond-expr","locations":[{"start":{"line":66,"column":28},"end":{"line":66,"column":36}},{"start":{"line":66,"column":36},"end":{"line":66,"column":null}}],"line":66},"5":{"loc":{"start":{"line":71,"column":9},"end":{"line":83,"column":null}},"type":"binary-expr","locations":[{"start":{"line":71,"column":9},"end":{"line":71,"column":null}},{"start":{"line":72,"column":10},"end":{"line":83,"column":null}}],"line":71},"6":{"loc":{"start":{"line":74,"column":14},"end":{"line":76,"column":null}},"type":"cond-expr","locations":[{"start":{"line":75,"column":18},"end":{"line":75,"column":null}},{"start":{"line":76,"column":18},"end":{"line":76,"column":null}}],"line":74},"7":{"loc":{"start":{"line":82,"column":13},"end":{"line":82,"column":null}},"type":"cond-expr","locations":[{"start":{"line":82,"column":29},"end":{"line":82,"column":41}},{"start":{"line":82,"column":40},"end":{"line":82,"column":null}}],"line":82},"8":{"loc":{"start":{"line":86,"column":9},"end":{"line":97,"column":null}},"type":"binary-expr","locations":[{"start":{"line":86,"column":9},"end":{"line":86,"column":null}},{"start":{"line":87,"column":10},"end":{"line":97,"column":null}}],"line":86}},"s":{"0":1,"1":5,"2":0,"3":0},"f":{"0":5,"1":0,"2":0},"b":{"0":[5],"1":[5,5],"2":[5,2],"3":[1,1],"4":[1,1],"5":[5,2],"6":[1,1],"7":[1,1],"8":[5,1]},"meta":{"lastBranch":9,"lastFunction":3,"lastStatement":4,"seen":{"s:16:6:100:Infinity":0,"f:16:6:16:22":0,"b:20:15:20:Infinity":0,"s:22:2:100:Infinity":1,"b:37:12:37:Infinity:38:12:38:Infinity":1,"b:47:9:47:Infinity:48:10:67:Infinity":2,"f:52:14:52:Infinity":1,"s:53:16:53:69":2,"b:56:28:56:36:56:36:56:Infinity":3,"f:62:14:62:Infinity":2,"s:63:16:63:69":3,"b:66:28:66:36:66:36:66:Infinity":4,"b:71:9:71:Infinity:72:10:83:Infinity":5,"b:75:18:75:Infinity:76:18:76:Infinity":6,"b:82:29:82:41:82:40:82:Infinity":7,"b:86:9:86:Infinity:87:10:97:Infinity":8}}}
,"/Users/sofaberezina/final-project-2-semester/activity-platform/src/features/responses/ui/ResponsesModal/ResponsesModal.tsx": {"path":"/Users/sofaberezina/final-project-2-semester/activity-platform/src/features/responses/ui/ResponsesModal/ResponsesModal.tsx","statementMap":{"0":{"start":{"line":28,"column":6},"end":{"line":98,"column":null}},"1":{"start":{"line":29,"column":8},"end":{"line":29,"column":38}},"2":{"start":{"line":30,"column":28},"end":{"line":30,"column":53}},"3":{"start":{"line":31,"column":29},"end":{"line":32,"column":null}},"4":{"start":{"line":35,"column":38},"end":{"line":38,"column":4}},"5":{"start":{"line":37,"column":4},"end":{"line":37,"column":null}},"6":{"start":{"line":40,"column":34},"end":{"line":40,"column":63}},"7":{"start":{"line":42,"column":29},"end":{"line":70,"column":null}},"8":{"start":{"line":44,"column":6},"end":{"line":44,"column":70}},"9":{"start":{"line":46,"column":4},"end":{"line":46,"column":null}},"10":{"start":{"line":47,"column":4},"end":{"line":53,"column":null}},"11":{"start":{"line":50,"column":8},"end":{"line":51,"column":null}},"12":{"start":{"line":51,"column":10},"end":{"line":51,"column":null}},"13":{"start":{"line":55,"column":4},"end":{"line":70,"column":null}},"14":{"start":{"line":56,"column":6},"end":{"line":56,"column":null}},"15":{"start":{"line":58,"column":6},"end":{"line":61,"column":null}},"16":{"start":{"line":59,"column":8},"end":{"line":59,"column":null}},"17":{"start":{"line":61,"column":8},"end":{"line":61,"column":null}},"18":{"start":{"line":64,"column":6},"end":{"line":64,"column":null}},"19":{"start":{"line":65,"column":6},"end":{"line":65,"column":null}},"20":{"start":{"line":67,"column":6},"end":{"line":67,"column":null}},"21":{"start":{"line":68,"column":6},"end":{"line":70,"column":null}},"22":{"start":{"line":74,"column":2},"end":{"line":98,"column":null}},"23":{"start":{"line":85,"column":23},"end":{"line":85,"column":72}},"24":{"start":{"line":85,"column":42},"end":{"line":85,"column":72}},"25":{"start":{"line":86,"column":10},"end":{"line":86,"column":null}},"26":{"start":{"line":86,"column":21},"end":{"line":86,"column":null}},"27":{"start":{"line":87,"column":10},"end":{"line":94,"column":null}}},"fnMap":{"0":{"name":"(anonymous_0)","decl":{"start":{"line":28,"column":6},"end":{"line":28,"column":24}},"loc":{"start":{"line":28,"column":74},"end":{"line":98,"column":null}},"line":28},"1":{"name":"(anonymous_1)","decl":{"start":{"line":37,"column":4},"end":{"line":37,"column":19}},"loc":{"start":{"line":37,"column":4},"end":{"line":37,"column":null}},"line":37},"2":{"name":"(anonymous_2)","decl":{"start":{"line":42,"column":29},"end":{"line":42,"column":36}},"loc":{"start":{"line":42,"column":75},"end":{"line":70,"column":null}},"line":42},"3":{"name":"(anonymous_3)","decl":{"start":{"line":48,"column":6},"end":{"line":48,"column":null}},"loc":{"start":{"line":50,"column":8},"end":{"line":51,"column":null}},"line":50},"4":{"name":"(anonymous_4)","decl":{"start":{"line":50,"column":17},"end":{"line":50,"column":22}},"loc":{"start":{"line":51,"column":10},"end":{"line":51,"column":null}},"line":51},"5":{"name":"(anonymous_5)","decl":{"start":{"line":84,"column":18},"end":{"line":84,"column":23}},"loc":{"start":{"line":84,"column":36},"end":{"line":94,"column":null}},"line":84},"6":{"name":"(anonymous_6)","decl":{"start":{"line":85,"column":30},"end":{"line":85,"column":36}},"loc":{"start":{"line":85,"column":42},"end":{"line":85,"column":72}},"line":85}},"branchMap":{"0":{"loc":{"start":{"line":51,"column":10},"end":{"line":51,"column":null}},"type":"cond-expr","locations":[{"start":{"line":51,"column":31},"end":{"line":51,"column":57}},{"start":{"line":51,"column":57},"end":{"line":51,"column":null}}],"line":51},"1":{"loc":{"start":{"line":58,"column":6},"end":{"line":61,"column":null}},"type":"if","locations":[{"start":{"line":58,"column":6},"end":{"line":61,"column":null}},{"start":{"line":60,"column":13},"end":{"line":61,"column":null}}],"line":58},"2":{"loc":{"start":{"line":76,"column":7},"end":{"line":94,"column":null}},"type":"cond-expr","locations":[{"start":{"line":77,"column":8},"end":{"line":78,"column":11}},{"start":{"line":78,"column":10},"end":{"line":94,"column":null}}],"line":76},"3":{"loc":{"start":{"line":76,"column":7},"end":{"line":76,"column":null}},"type":"binary-expr","locations":[{"start":{"line":76,"column":7},"end":{"line":76,"column":29}},{"start":{"line":76,"column":29},"end":{"line":76,"column":null}}],"line":76},"4":{"loc":{"start":{"line":78,"column":10},"end":{"line":94,"column":null}},"type":"cond-expr","locations":[{"start":{"line":79,"column":8},"end":{"line":84,"column":18}},{"start":{"line":84,"column":8},"end":{"line":94,"column":null}}],"line":78},"5":{"loc":{"start":{"line":86,"column":10},"end":{"line":86,"column":null}},"type":"if","locations":[{"start":{"line":86,"column":10},"end":{"line":86,"column":null}},{"start":{},"end":{}}],"line":86}},"s":{"0":1,"1":2,"2":2,"3":2,"4":2,"5":0,"6":2,"7":2,"8":0,"9":0,"10":0,"11":0,"12":0,"13":0,"14":0,"15":0,"16":0,"17":0,"18":0,"19":0,"20":0,"21":0,"22":2,"23":0,"24":0,"25":0,"26":0,"27":0},"f":{"0":2,"1":0,"2":0,"3":0,"4":0,"5":0,"6":0},"b":{"0":[0,0],"1":[0,0],"2":[1,1],"3":[2,1],"4":[1,0],"5":[0,0]},"meta":{"lastBranch":6,"lastFunction":7,"lastStatement":28,"seen":{"s:28:6:98:Infinity":0,"f:28:6:28:24":0,"s:29:8:29:38":1,"s:30:28:30:53":2,"s:31:29:32:Infinity":3,"s:35:38:38:4":4,"f:37:4:37:19":1,"s:37:4:37:Infinity":5,"s:40:34:40:63":6,"s:42:29:70:Infinity":7,"f:42:29:42:36":2,"s:44:6:44:70":8,"s:46:4:46:Infinity":9,"s:47:4:53:Infinity":10,"f:48:6:48:Infinity":3,"s:50:8:51:Infinity":11,"f:50:17:50:22":4,"s:51:10:51:Infinity":12,"b:51:31:51:57:51:57:51:Infinity":0,"s:55:4:70:Infinity":13,"s:56:6:56:Infinity":14,"b:58:6:61:Infinity:60:13:61:Infinity":1,"s:58:6:61:Infinity":15,"s:59:8:59:Infinity":16,"s:61:8:61:Infinity":17,"s:64:6:64:Infinity":18,"s:65:6:65:Infinity":19,"s:67:6:67:Infinity":20,"s:68:6:70:Infinity":21,"s:74:2:98:Infinity":22,"b:77:8:78:11:78:10:94:Infinity":2,"b:76:7:76:29:76:29:76:Infinity":3,"b:79:8:84:18:84:8:94:Infinity":4,"f:84:18:84:23":5,"s:85:23:85:72":23,"f:85:30:85:36":6,"s:85:42:85:72":24,"b:86:10:86:Infinity:undefined:undefined:undefined:undefined":5,"s:86:10:86:Infinity":25,"s:86:21:86:Infinity":26,"s:87:10:94:Infinity":27}}}
,"/Users/sofaberezina/final-project-2-semester/activity-platform/src/firebase/firebase.ts": {"path":"/Users/sofaberezina/final-project-2-semester/activity-platform/src/firebase/firebase.ts","statementMap":{"0":{"start":{"line":7,"column":23},"end":{"line":14,"column":null}},"1":{"start":{"line":20,"column":17},"end":{"line":20,"column":null}},"2":{"start":{"line":21,"column":18},"end":{"line":21,"column":52}},"3":{"start":{"line":23,"column":12},"end":{"line":23,"column":73}},"4":{"start":{"line":25,"column":26},"end":{"line":25,"column":50}},"5":{"start":{"line":26,"column":29},"end":{"line":26,"column":58}}},"fnMap":{},"branchMap":{"0":{"loc":{"start":{"line":23,"column":12},"end":{"line":23,"column":73}},"type":"cond-expr","locations":[{"start":{"line":23,"column":37},"end":{"line":23,"column":44}},{"start":{"line":23,"column":37},"end":{"line":23,"column":73}}],"line":23},"1":{"loc":{"start":{"line":23,"column":12},"end":{"line":23,"column":37}},"type":"binary-expr","locations":[{"start":{"line":23,"column":12},"end":{"line":23,"column":24}},{"start":{"line":23,"column":24},"end":{"line":23,"column":37}}],"line":23},"2":{"loc":{"start":{"line":25,"column":26},"end":{"line":25,"column":50}},"type":"cond-expr","locations":[{"start":{"line":25,"column":26},"end":{"line":25,"column":44}},{"start":{"line":25,"column":48},"end":{"line":25,"column":50}}],"line":25},"3":{"loc":{"start":{"line":26,"column":29},"end":{"line":26,"column":58}},"type":"cond-expr","locations":[{"start":{"line":26,"column":29},"end":{"line":26,"column":52}},{"start":{"line":26,"column":56},"end":{"line":26,"column":58}}],"line":26}},"s":{"0":3,"1":3,"2":3,"3":3,"4":3,"5":3},"f":{},"b":{"0":[3,0],"1":[3,0],"2":[0,3],"3":[0,3]},"meta":{"lastBranch":4,"lastFunction":0,"lastStatement":6,"seen":{"s:7:23:14:Infinity":0,"s:20:17:20:Infinity":1,"s:21:18:21:52":2,"s:23:12:23:73":3,"b:23:37:23:44:23:37:23:73":0,"b:23:12:23:24:23:24:23:37":1,"s:25:26:25:50":4,"b:25:26:25:44:25:48:25:50":2,"s:26:29:26:58":5,"b:26:29:26:52:26:56:26:58":3}}}
,"/Users/sofaberezina/final-project-2-semester/activity-platform/src/services/authService.ts": {"path":"/Users/sofaberezina/final-project-2-semester/activity-platform/src/services/authService.ts","statementMap":{"0":{"start":{"line":10,"column":28},"end":{"line":28,"column":null}},"1":{"start":{"line":14,"column":2},"end":{"line":28,"column":null}},"2":{"start":{"line":15,"column":17},"end":{"line":15,"column":76}},"3":{"start":{"line":17,"column":4},"end":{"line":23,"column":null}},"4":{"start":{"line":25,"column":4},"end":{"line":26,"column":null}},"5":{"start":{"line":26,"column":6},"end":{"line":26,"column":null}},"6":{"start":{"line":28,"column":4},"end":{"line":28,"column":null}},"7":{"start":{"line":32,"column":25},"end":{"line":42,"column":null}},"8":{"start":{"line":36,"column":2},"end":{"line":42,"column":null}},"9":{"start":{"line":37,"column":4},"end":{"line":37,"column":null}},"10":{"start":{"line":39,"column":4},"end":{"line":40,"column":null}},"11":{"start":{"line":40,"column":6},"end":{"line":40,"column":null}},"12":{"start":{"line":42,"column":4},"end":{"line":42,"column":null}}},"fnMap":{"0":{"name":"(anonymous_0)","decl":{"start":{"line":10,"column":28},"end":{"line":10,"column":null}},"loc":{"start":{"line":13,"column":20},"end":{"line":28,"column":null}},"line":13},"1":{"name":"(anonymous_1)","decl":{"start":{"line":32,"column":25},"end":{"line":32,"column":null}},"loc":{"start":{"line":35,"column":20},"end":{"line":42,"column":null}},"line":35}},"branchMap":{"0":{"loc":{"start":{"line":25,"column":4},"end":{"line":26,"column":null}},"type":"if","locations":[{"start":{"line":25,"column":4},"end":{"line":26,"column":null}},{"start":{},"end":{}}],"line":25},"1":{"loc":{"start":{"line":39,"column":4},"end":{"line":40,"column":null}},"type":"if","locations":[{"start":{"line":39,"column":4},"end":{"line":40,"column":null}},{"start":{},"end":{}}],"line":39}},"s":{"0":3,"1":0,"2":0,"3":0,"4":0,"5":0,"6":0,"7":3,"8":0,"9":0,"10":0,"11":0,"12":0},"f":{"0":0,"1":0},"b":{"0":[0,0],"1":[0,0]},"meta":{"lastBranch":2,"lastFunction":2,"lastStatement":13,"seen":{"s:10:28:28:Infinity":0,"f:10:28:10:Infinity":0,"s:14:2:28:Infinity":1,"s:15:17:15:76":2,"s:17:4:23:Infinity":3,"b:25:4:26:Infinity:undefined:undefined:undefined:undefined":0,"s:25:4:26:Infinity":4,"s:26:6:26:Infinity":5,"s:28:4:28:Infinity":6,"s:32:25:42:Infinity":7,"f:32:25:32:Infinity":1,"s:36:2:42:Infinity":8,"s:37:4:37:Infinity":9,"b:39:4:40:Infinity:undefined:undefined:undefined:undefined":1,"s:39:4:40:Infinity":10,"s:40:6:40:Infinity":11,"s:42:4:42:Infinity":12}}}
,"/Users/sofaberezina/final-project-2-semester/activity-platform/src/shared/config/env.ts": {"path":"/Users/sofaberezina/final-project-2-semester/activity-platform/src/shared/config/env.ts","statementMap":{"0":{"start":{"line":1,"column":19},"end":{"line":10,"column":null}}},"fnMap":{},"branchMap":{},"s":{"0":3},"f":{},"b":{},"meta":{"lastBranch":0,"lastFunction":0,"lastStatement":1,"seen":{"s:1:19:10:Infinity":0}}}
,"/Users/sofaberezina/final-project-2-semester/activity-platform/src/shared/config/routes.ts": {"path":"/Users/sofaberezina/final-project-2-semester/activity-platform/src/shared/config/routes.ts","statementMap":{"0":{"start":{"line":1,"column":22},"end":{"line":6,"column":null}},"1":{"start":{"line":5,"column":30},"end":{"line":5,"column":null}}},"fnMap":{"0":{"name":"(anonymous_0)","decl":{"start":{"line":5,"column":2},"end":{"line":5,"column":15}},"loc":{"start":{"line":5,"column":30},"end":{"line":5,"column":null}},"line":5}},"branchMap":{},"s":{"0":5,"1":5},"f":{"0":5},"b":{},"meta":{"lastBranch":0,"lastFunction":1,"lastStatement":2,"seen":{"s:1:22:6:Infinity":0,"f:5:2:5:15":0,"s:5:30:5:Infinity":1}}}
,"/Users/sofaberezina/final-project-2-semester/activity-platform/src/shared/config/activities/categories.ts": {"path":"/Users/sofaberezina/final-project-2-semester/activity-platform/src/shared/config/activities/categories.ts","statementMap":{"0":{"start":{"line":1,"column":35},"end":{"line":7,"column":null}},"1":{"start":{"line":12,"column":31},"end":{"line":12,"column":65}}},"fnMap":{},"branchMap":{},"s":{"0":2,"1":2},"f":{},"b":{},"meta":{"lastBranch":0,"lastFunction":0,"lastStatement":2,"seen":{"s:1:35:7:Infinity":0,"s:12:31:12:65":1}}}
,"/Users/sofaberezina/final-project-2-semester/activity-platform/src/shared/hooks/useAuth.ts": {"path":"/Users/sofaberezina/final-project-2-semester/activity-platform/src/shared/hooks/useAuth.ts","statementMap":{"0":{"start":{"line":12,"column":13},"end":{"line":66,"column":null}},"1":{"start":{"line":13,"column":8},"end":{"line":13,"column":41}},"2":{"start":{"line":14,"column":2},"end":{"line":15,"column":null}},"3":{"start":{"line":15,"column":4},"end":{"line":15,"column":null}},"4":{"start":{"line":17,"column":28},"end":{"line":17,"column":null}},"5":{"start":{"line":19,"column":23},"end":{"line":19,"column":57}},"6":{"start":{"line":21,"column":17},"end":{"line":22,"column":null}},"7":{"start":{"line":22,"column":4},"end":{"line":22,"column":null}},"8":{"start":{"line":25,"column":16},"end":{"line":38,"column":null}},"9":{"start":{"line":30,"column":4},"end":{"line":30,"column":null}},"10":{"start":{"line":32,"column":4},"end":{"line":38,"column":null}},"11":{"start":{"line":33,"column":6},"end":{"line":33,"column":null}},"12":{"start":{"line":34,"column":6},"end":{"line":34,"column":null}},"13":{"start":{"line":36,"column":6},"end":{"line":36,"column":null}},"14":{"start":{"line":38,"column":6},"end":{"line":38,"column":null}},"15":{"start":{"line":42,"column":19},"end":{"line":55,"column":null}},"16":{"start":{"line":47,"column":4},"end":{"line":47,"column":null}},"17":{"start":{"line":49,"column":4},"end":{"line":55,"column":null}},"18":{"start":{"line":50,"column":6},"end":{"line":50,"column":null}},"19":{"start":{"line":51,"column":6},"end":{"line":51,"column":null}},"20":{"start":{"line":53,"column":6},"end":{"line":53,"column":null}},"21":{"start":{"line":55,"column":6},"end":{"line":55,"column":null}},"22":{"start":{"line":59,"column":2},"end":{"line":66,"column":null}}},"fnMap":{"0":{"name":"(anonymous_0)","decl":{"start":{"line":12,"column":13},"end":{"line":12,"column":29}},"loc":{"start":{"line":12,"column":29},"end":{"line":66,"column":null}},"line":12},"1":{"name":"(anonymous_1)","decl":{"start":{"line":21,"column":17},"end":{"line":21,"column":29}},"loc":{"start":{"line":21,"column":29},"end":{"line":22,"column":null}},"line":21},"2":{"name":"(anonymous_2)","decl":{"start":{"line":25,"column":16},"end":{"line":25,"column":null}},"loc":{"start":{"line":29,"column":7},"end":{"line":38,"column":null}},"line":29},"3":{"name":"(anonymous_3)","decl":{"start":{"line":42,"column":19},"end":{"line":42,"column":null}},"loc":{"start":{"line":46,"column":7},"end":{"line":55,"column":null}},"line":46}},"branchMap":{"0":{"loc":{"start":{"line":14,"column":2},"end":{"line":15,"column":null}},"type":"if","locations":[{"start":{"line":14,"column":2},"end":{"line":15,"column":null}},{"start":{},"end":{}}],"line":14},"1":{"loc":{"start":{"line":28,"column":4},"end":{"line":28,"column":46}},"type":"default-arg","locations":[{"start":{"line":28,"column":44},"end":{"line":28,"column":46}}],"line":28},"2":{"loc":{"start":{"line":36,"column":16},"end":{"line":36,"column":58}},"type":"cond-expr","locations":[{"start":{"line":36,"column":37},"end":{"line":36,"column":49}},{"start":{"line":36,"column":49},"end":{"line":36,"column":58}}],"line":36},"3":{"loc":{"start":{"line":45,"column":4},"end":{"line":45,"column":46}},"type":"default-arg","locations":[{"start":{"line":45,"column":44},"end":{"line":45,"column":46}}],"line":45},"4":{"loc":{"start":{"line":53,"column":16},"end":{"line":53,"column":58}},"type":"cond-expr","locations":[{"start":{"line":53,"column":37},"end":{"line":53,"column":49}},{"start":{"line":53,"column":49},"end":{"line":53,"column":58}}],"line":53}},"s":{"0":3,"1":0,"2":0,"3":0,"4":0,"5":0,"6":0,"7":0,"8":0,"9":0,"10":0,"11":0,"12":0,"13":0,"14":0,"15":0,"16":0,"17":0,"18":0,"19":0,"20":0,"21":0,"22":0},"f":{"0":0,"1":0,"2":0,"3":0},"b":{"0":[0,0],"1":[0],"2":[0,0],"3":[0],"4":[0,0]},"meta":{"lastBranch":5,"lastFunction":4,"lastStatement":23,"seen":{"s:12:13:66:Infinity":0,"f:12:13:12:29":0,"s:13:8:13:41":1,"b:14:2:15:Infinity:undefined:undefined:undefined:undefined":0,"s:14:2:15:Infinity":2,"s:15:4:15:Infinity":3,"s:17:28:17:Infinity":4,"s:19:23:19:57":5,"s:21:17:22:Infinity":6,"f:21:17:21:29":1,"s:22:4:22:Infinity":7,"s:25:16:38:Infinity":8,"f:25:16:25:Infinity":2,"b:28:44:28:46":1,"s:30:4:30:Infinity":9,"s:32:4:38:Infinity":10,"s:33:6:33:Infinity":11,"s:34:6:34:Infinity":12,"s:36:6:36:Infinity":13,"b:36:37:36:49:36:49:36:58":2,"s:38:6:38:Infinity":14,"s:42:19:55:Infinity":15,"f:42:19:42:Infinity":3,"b:45:44:45:46":3,"s:47:4:47:Infinity":16,"s:49:4:55:Infinity":17,"s:50:6:50:Infinity":18,"s:51:6:51:Infinity":19,"s:53:6:53:Infinity":20,"b:53:37:53:49:53:49:53:58":4,"s:55:6:55:Infinity":21,"s:59:2:66:Infinity":22}}}
,"/Users/sofaberezina/final-project-2-semester/activity-platform/src/shared/lib/notifications/notify.ts": {"path":"/Users/sofaberezina/final-project-2-semester/activity-platform/src/shared/lib/notifications/notify.ts","statementMap":{"0":{"start":{"line":3,"column":22},"end":{"line":15,"column":null}},"1":{"start":{"line":4,"column":22},"end":{"line":4,"column":57}},"2":{"start":{"line":5,"column":22},"end":{"line":5,"column":60}},"3":{"start":{"line":6,"column":25},"end":{"line":6,"column":65}},"4":{"start":{"line":7,"column":25},"end":{"line":7,"column":62}},"5":{"start":{"line":8,"column":25},"end":{"line":8,"column":60}},"6":{"start":{"line":9,"column":24},"end":{"line":9,"column":57}},"7":{"start":{"line":10,"column":22},"end":{"line":10,"column":55}},"8":{"start":{"line":12,"column":4},"end":{"line":12,"column":69}},"9":{"start":{"line":13,"column":26},"end":{"line":13,"column":56}},"10":{"start":{"line":14,"column":30},"end":{"line":14,"column":null}}},"fnMap":{"0":{"name":"(anonymous_0)","decl":{"start":{"line":4,"column":2},"end":{"line":4,"column":22}},"loc":{"start":{"line":4,"column":22},"end":{"line":4,"column":57}},"line":4},"1":{"name":"(anonymous_1)","decl":{"start":{"line":5,"column":2},"end":{"line":5,"column":22}},"loc":{"start":{"line":5,"column":22},"end":{"line":5,"column":60}},"line":5},"2":{"name":"(anonymous_2)","decl":{"start":{"line":6,"column":2},"end":{"line":6,"column":25}},"loc":{"start":{"line":6,"column":25},"end":{"line":6,"column":65}},"line":6},"3":{"name":"(anonymous_3)","decl":{"start":{"line":7,"column":2},"end":{"line":7,"column":25}},"loc":{"start":{"line":7,"column":25},"end":{"line":7,"column":62}},"line":7},"4":{"name":"(anonymous_4)","decl":{"start":{"line":8,"column":2},"end":{"line":8,"column":25}},"loc":{"start":{"line":8,"column":25},"end":{"line":8,"column":60}},"line":8},"5":{"name":"(anonymous_5)","decl":{"start":{"line":9,"column":2},"end":{"line":9,"column":24}},"loc":{"start":{"line":9,"column":24},"end":{"line":9,"column":57}},"line":9},"6":{"name":"(anonymous_6)","decl":{"start":{"line":10,"column":2},"end":{"line":10,"column":22}},"loc":{"start":{"line":10,"column":22},"end":{"line":10,"column":55}},"line":10},"7":{"name":"(anonymous_7)","decl":{"start":{"line":11,"column":2},"end":{"line":11,"column":null}},"loc":{"start":{"line":12,"column":4},"end":{"line":12,"column":69}},"line":12},"8":{"name":"(anonymous_8)","decl":{"start":{"line":13,"column":2},"end":{"line":13,"column":26}},"loc":{"start":{"line":13,"column":26},"end":{"line":13,"column":56}},"line":13},"9":{"name":"(anonymous_9)","decl":{"start":{"line":14,"column":2},"end":{"line":14,"column":10}},"loc":{"start":{"line":14,"column":30},"end":{"line":14,"column":null}},"line":14}},"branchMap":{},"s":{"0":1,"1":0,"2":0,"3":0,"4":0,"5":0,"6":0,"7":0,"8":0,"9":0,"10":0},"f":{"0":0,"1":0,"2":0,"3":0,"4":0,"5":0,"6":0,"7":0,"8":0,"9":0},"b":{},"meta":{"lastBranch":0,"lastFunction":10,"lastStatement":11,"seen":{"s:3:22:15:Infinity":0,"f:4:2:4:22":0,"s:4:22:4:57":1,"f:5:2:5:22":1,"s:5:22:5:60":2,"f:6:2:6:25":2,"s:6:25:6:65":3,"f:7:2:7:25":3,"s:7:25:7:62":4,"f:8:2:8:25":4,"s:8:25:8:60":5,"f:9:2:9:24":5,"s:9:24:9:57":6,"f:10:2:10:22":6,"s:10:22:10:55":7,"f:11:2:11:Infinity":7,"s:12:4:12:69":8,"f:13:2:13:26":8,"s:13:26:13:56":9,"f:14:2:14:10":9,"s:14:30:14:Infinity":10}}}
,"/Users/sofaberezina/final-project-2-semester/activity-platform/src/shared/ui/index.ts": {"path":"/Users/sofaberezina/final-project-2-semester/activity-platform/src/shared/ui/index.ts","statementMap":{},"fnMap":{},"branchMap":{},"s":{},"f":{},"b":{},"meta":{"lastBranch":0,"lastFunction":0,"lastStatement":0,"seen":{}}}
,"/Users/sofaberezina/final-project-2-semester/activity-platform/src/shared/ui/Button/Button.tsx": {"path":"/Users/sofaberezina/final-project-2-semester/activity-platform/src/shared/ui/Button/Button.tsx","statementMap":{"0":{"start":{"line":11,"column":6},"end":{"line":20,"column":null}},"1":{"start":{"line":17,"column":2},"end":{"line":20,"column":null}}},"fnMap":{"0":{"name":"(anonymous_0)","decl":{"start":{"line":11,"column":6},"end":{"line":11,"column":16}},"loc":{"start":{"line":16,"column":68},"end":{"line":20,"column":null}},"line":16}},"branchMap":{"0":{"loc":{"start":{"line":13,"column":2},"end":{"line":13,"column":null}},"type":"default-arg","locations":[{"start":{"line":13,"column":12},"end":{"line":13,"column":null}}],"line":13}},"s":{"0":4,"1":28},"f":{"0":28},"b":{"0":[28]},"meta":{"lastBranch":1,"lastFunction":1,"lastStatement":2,"seen":{"s:11:6:20:Infinity":0,"f:11:6:11:16":0,"b:13:12:13:Infinity":0,"s:17:2:20:Infinity":1}}}
,"/Users/sofaberezina/final-project-2-semester/activity-platform/src/shared/ui/Button/button.scss": {"path":"/Users/sofaberezina/final-project-2-semester/activity-platform/src/shared/ui/Button/button.scss","statementMap":{},"fnMap":{},"branchMap":{},"s":{},"f":{},"b":{},"meta":{"lastBranch":0,"lastFunction":0,"lastStatement":0,"seen":{}}}
,"/Users/sofaberezina/final-project-2-semester/activity-platform/src/shared/ui/Button/index.ts": {"path":"/Users/sofaberezina/final-project-2-semester/activity-platform/src/shared/ui/Button/index.ts","statementMap":{},"fnMap":{},"branchMap":{},"s":{},"f":{},"b":{},"meta":{"lastBranch":0,"lastFunction":0,"lastStatement":0,"seen":{}}}
,"/Users/sofaberezina/final-project-2-semester/activity-platform/src/shared/ui/EmptyState/EmptyState.tsx": {"path":"/Users/sofaberezina/final-project-2-semester/activity-platform/src/shared/ui/EmptyState/EmptyState.tsx","statementMap":{"0":{"start":{"line":9,"column":6},"end":{"line":34,"column":null}},"1":{"start":{"line":10,"column":2},"end":{"line":34,"column":null}}},"fnMap":{"0":{"name":"(anonymous_0)","decl":{"start":{"line":9,"column":6},"end":{"line":9,"column":20}},"loc":{"start":{"line":9,"column":73},"end":{"line":34,"column":null}},"line":9}},"branchMap":{"0":{"loc":{"start":{"line":25,"column":11},"end":{"line":28,"column":null}},"type":"binary-expr","locations":[{"start":{"line":25,"column":11},"end":{"line":25,"column":null}},{"start":{"line":26,"column":12},"end":{"line":28,"column":null}}],"line":25},"1":{"loc":{"start":{"line":31,"column":11},"end":{"line":31,"column":null}},"type":"binary-expr","locations":[{"start":{"line":31,"column":11},"end":{"line":31,"column":21}},{"start":{"line":31,"column":21},"end":{"line":31,"column":null}}],"line":31}},"s":{"0":3,"1":0},"f":{"0":0},"b":{"0":[0,0],"1":[0,0]},"meta":{"lastBranch":2,"lastFunction":1,"lastStatement":2,"seen":{"s:9:6:34:Infinity":0,"f:9:6:9:20":0,"s:10:2:34:Infinity":1,"b:25:11:25:Infinity:26:12:28:Infinity":0,"b:31:11:31:21:31:21:31:Infinity":1}}}
,"/Users/sofaberezina/final-project-2-semester/activity-platform/src/shared/ui/EmptyState/index.ts": {"path":"/Users/sofaberezina/final-project-2-semester/activity-platform/src/shared/ui/EmptyState/index.ts","statementMap":{},"fnMap":{},"branchMap":{},"s":{},"f":{},"b":{},"meta":{"lastBranch":0,"lastFunction":0,"lastStatement":0,"seen":{}}}
,"/Users/sofaberezina/final-project-2-semester/activity-platform/src/shared/ui/Form/FormError.tsx": {"path":"/Users/sofaberezina/final-project-2-semester/activity-platform/src/shared/ui/Form/FormError.tsx","statementMap":{"0":{"start":{"line":5,"column":13},"end":{"line":8,"column":null}},"1":{"start":{"line":6,"column":2},"end":{"line":6,"column":null}},"2":{"start":{"line":6,"column":16},"end":{"line":6,"column":null}},"3":{"start":{"line":8,"column":2},"end":{"line":8,"column":null}}},"fnMap":{"0":{"name":"(anonymous_0)","decl":{"start":{"line":5,"column":13},"end":{"line":5,"column":26}},"loc":{"start":{"line":5,"column":59},"end":{"line":8,"column":null}},"line":5}},"branchMap":{"0":{"loc":{"start":{"line":6,"column":2},"end":{"line":6,"column":null}},"type":"if","locations":[{"start":{"line":6,"column":2},"end":{"line":6,"column":null}},{"start":{},"end":{}}],"line":6}},"s":{"0":3,"1":80,"2":72,"3":8},"f":{"0":80},"b":{"0":[72,8]},"meta":{"lastBranch":1,"lastFunction":1,"lastStatement":4,"seen":{"s:5:13:8:Infinity":0,"f:5:13:5:26":0,"b:6:2:6:Infinity:undefined:undefined:undefined:undefined":0,"s:6:2:6:Infinity":1,"s:6:16:6:Infinity":2,"s:8:2:8:Infinity":3}}}
,"/Users/sofaberezina/final-project-2-semester/activity-platform/src/shared/ui/Form/FormInput.tsx": {"path":"/Users/sofaberezina/final-project-2-semester/activity-platform/src/shared/ui/Form/FormInput.tsx","statementMap":{"0":{"start":{"line":12,"column":13},"end":{"line":22,"column":null}},"1":{"start":{"line":19,"column":2},"end":{"line":22,"column":null}}},"fnMap":{"0":{"name":"(anonymous_0)","decl":{"start":{"line":12,"column":13},"end":{"line":12,"column":26}},"loc":{"start":{"line":18,"column":23},"end":{"line":22,"column":null}},"line":18}},"branchMap":{"0":{"loc":{"start":{"line":20,"column":24},"end":{"line":20,"column":41}},"type":"binary-expr","locations":[{"start":{"line":20,"column":24},"end":{"line":20,"column":30}},{"start":{"line":20,"column":30},"end":{"line":20,"column":41}}],"line":20}},"s":{"0":3,"1":50},"f":{"0":50},"b":{"0":[50,0]},"meta":{"lastBranch":1,"lastFunction":1,"lastStatement":2,"seen":{"s:12:13:22:Infinity":0,"f:12:13:12:26":0,"s:19:2:22:Infinity":1,"b:20:24:20:30:20:30:20:41":0}}}
,"/Users/sofaberezina/final-project-2-semester/activity-platform/src/shared/ui/Form/FormRoot.tsx": {"path":"/Users/sofaberezina/final-project-2-semester/activity-platform/src/shared/ui/Form/FormRoot.tsx","statementMap":{"0":{"start":{"line":4,"column":13},"end":{"line":9,"column":null}},"1":{"start":{"line":8,"column":2},"end":{"line":9,"column":null}}},"fnMap":{"0":{"name":"(anonymous_0)","decl":{"start":{"line":4,"column":13},"end":{"line":4,"column":25}},"loc":{"start":{"line":7,"column":43},"end":{"line":9,"column":null}},"line":7}},"branchMap":{},"s":{"0":3,"1":20},"f":{"0":20},"b":{},"meta":{"lastBranch":0,"lastFunction":1,"lastStatement":2,"seen":{"s:4:13:9:Infinity":0,"f:4:13:4:25":0,"s:8:2:9:Infinity":1}}}
,"/Users/sofaberezina/final-project-2-semester/activity-platform/src/shared/ui/Form/FormSelect.tsx": {"path":"/Users/sofaberezina/final-project-2-semester/activity-platform/src/shared/ui/Form/FormSelect.tsx","statementMap":{"0":{"start":{"line":13,"column":13},"end":{"line":26,"column":null}},"1":{"start":{"line":21,"column":2},"end":{"line":26,"column":null}}},"fnMap":{"0":{"name":"(anonymous_0)","decl":{"start":{"line":13,"column":13},"end":{"line":13,"column":27}},"loc":{"start":{"line":20,"column":24},"end":{"line":26,"column":null}},"line":20}},"branchMap":{"0":{"loc":{"start":{"line":22,"column":24},"end":{"line":22,"column":41}},"type":"binary-expr","locations":[{"start":{"line":22,"column":24},"end":{"line":22,"column":30}},{"start":{"line":22,"column":30},"end":{"line":22,"column":41}}],"line":22}},"s":{"0":3,"1":10},"f":{"0":10},"b":{"0":[10,0]},"meta":{"lastBranch":1,"lastFunction":1,"lastStatement":2,"seen":{"s:13:13:26:Infinity":0,"f:13:13:13:27":0,"s:21:2:26:Infinity":1,"b:22:24:22:30:22:30:22:41":0}}}
,"/Users/sofaberezina/final-project-2-semester/activity-platform/src/shared/ui/Form/FormTextarea.tsx": {"path":"/Users/sofaberezina/final-project-2-semester/activity-platform/src/shared/ui/Form/FormTextarea.tsx","statementMap":{"0":{"start":{"line":12,"column":13},"end":{"line":22,"column":null}},"1":{"start":{"line":19,"column":2},"end":{"line":22,"column":null}}},"fnMap":{"0":{"name":"(anonymous_0)","decl":{"start":{"line":12,"column":13},"end":{"line":12,"column":29}},"loc":{"start":{"line":18,"column":26},"end":{"line":22,"column":null}},"line":18}},"branchMap":{"0":{"loc":{"start":{"line":20,"column":24},"end":{"line":20,"column":41}},"type":"binary-expr","locations":[{"start":{"line":20,"column":24},"end":{"line":20,"column":30}},{"start":{"line":20,"column":30},"end":{"line":20,"column":41}}],"line":20}},"s":{"0":3,"1":10},"f":{"0":10},"b":{"0":[10,0]},"meta":{"lastBranch":1,"lastFunction":1,"lastStatement":2,"seen":{"s:12:13:22:Infinity":0,"f:12:13:12:29":0,"s:19:2:22:Infinity":1,"b:20:24:20:30:20:30:20:41":0}}}
,"/Users/sofaberezina/final-project-2-semester/activity-platform/src/shared/ui/Form/Select.tsx": {"path":"/Users/sofaberezina/final-project-2-semester/activity-platform/src/shared/ui/Form/Select.tsx","statementMap":{"0":{"start":{"line":4,"column":13},"end":{"line":7,"column":null}},"1":{"start":{"line":7,"column":2},"end":{"line":7,"column":null}}},"fnMap":{"0":{"name":"(anonymous_0)","decl":{"start":{"line":4,"column":13},"end":{"line":4,"column":null}},"loc":{"start":{"line":6,"column":5},"end":{"line":7,"column":null}},"line":6}},"branchMap":{},"s":{"0":3,"1":10},"f":{"0":10},"b":{},"meta":{"lastBranch":0,"lastFunction":1,"lastStatement":2,"seen":{"s:4:13:7:Infinity":0,"f:4:13:4:Infinity":0,"s:7:2:7:Infinity":1}}}
,"/Users/sofaberezina/final-project-2-semester/activity-platform/src/shared/ui/Form/SubmitButton.tsx": {"path":"/Users/sofaberezina/final-project-2-semester/activity-platform/src/shared/ui/Form/SubmitButton.tsx","statementMap":{"0":{"start":{"line":12,"column":13},"end":{"line":28,"column":null}},"1":{"start":{"line":20,"column":2},"end":{"line":28,"column":null}}},"fnMap":{"0":{"name":"(anonymous_0)","decl":{"start":{"line":12,"column":13},"end":{"line":12,"column":29}},"loc":{"start":{"line":19,"column":26},"end":{"line":28,"column":null}},"line":19}},"branchMap":{"0":{"loc":{"start":{"line":13,"column":2},"end":{"line":13,"column":null}},"type":"default-arg","locations":[{"start":{"line":13,"column":17},"end":{"line":13,"column":null}}],"line":13},"1":{"loc":{"start":{"line":17,"column":2},"end":{"line":17,"column":null}},"type":"default-arg","locations":[{"start":{"line":17,"column":12},"end":{"line":17,"column":null}}],"line":17},"2":{"loc":{"start":{"line":24,"column":16},"end":{"line":24,"column":null}},"type":"binary-expr","locations":[{"start":{"line":24,"column":16},"end":{"line":24,"column":28}},{"start":{"line":24,"column":28},"end":{"line":24,"column":null}}],"line":24},"3":{"loc":{"start":{"line":27,"column":7},"end":{"line":27,"column":null}},"type":"cond-expr","locations":[{"start":{"line":27,"column":40},"end":{"line":27,"column":57}},{"start":{"line":27,"column":57},"end":{"line":27,"column":null}}],"line":27},"4":{"loc":{"start":{"line":27,"column":7},"end":{"line":27,"column":40}},"type":"binary-expr","locations":[{"start":{"line":27,"column":7},"end":{"line":27,"column":23}},{"start":{"line":27,"column":23},"end":{"line":27,"column":40}}],"line":27}},"s":{"0":3,"1":20},"f":{"0":20},"b":{"0":[20],"1":[20],"2":[20,20],"3":[4,16],"4":[20,4]},"meta":{"lastBranch":5,"lastFunction":1,"lastStatement":2,"seen":{"s:12:13:28:Infinity":0,"f:12:13:12:29":0,"b:13:17:13:Infinity":0,"b:17:12:17:Infinity":1,"s:20:2:28:Infinity":1,"b:24:16:24:28:24:28:24:Infinity":2,"b:27:40:27:57:27:57:27:Infinity":3,"b:27:7:27:23:27:23:27:40":4}}}
,"/Users/sofaberezina/final-project-2-semester/activity-platform/src/shared/ui/Form/Textarea.tsx": {"path":"/Users/sofaberezina/final-project-2-semester/activity-platform/src/shared/ui/Form/Textarea.tsx","statementMap":{"0":{"start":{"line":4,"column":13},"end":{"line":7,"column":null}},"1":{"start":{"line":7,"column":2},"end":{"line":7,"column":null}}},"fnMap":{"0":{"name":"(anonymous_0)","decl":{"start":{"line":4,"column":13},"end":{"line":4,"column":null}},"loc":{"start":{"line":6,"column":5},"end":{"line":7,"column":null}},"line":6}},"branchMap":{},"s":{"0":3,"1":10},"f":{"0":10},"b":{},"meta":{"lastBranch":0,"lastFunction":1,"lastStatement":2,"seen":{"s:4:13:7:Infinity":0,"f:4:13:4:Infinity":0,"s:7:2:7:Infinity":1}}}
,"/Users/sofaberezina/final-project-2-semester/activity-platform/src/shared/ui/Form/index.ts": {"path":"/Users/sofaberezina/final-project-2-semester/activity-platform/src/shared/ui/Form/index.ts","statementMap":{},"fnMap":{},"branchMap":{},"s":{},"f":{},"b":{},"meta":{"lastBranch":0,"lastFunction":0,"lastStatement":0,"seen":{}}}
,"/Users/sofaberezina/final-project-2-semester/activity-platform/src/shared/ui/FormField/FormField.tsx": {"path":"/Users/sofaberezina/final-project-2-semester/activity-platform/src/shared/ui/FormField/FormField.tsx","statementMap":{"0":{"start":{"line":13,"column":13},"end":{"line":37,"column":null}},"1":{"start":{"line":21,"column":2},"end":{"line":37,"column":null}}},"fnMap":{"0":{"name":"(anonymous_0)","decl":{"start":{"line":13,"column":13},"end":{"line":13,"column":26}},"loc":{"start":{"line":20,"column":23},"end":{"line":37,"column":null}},"line":20}},"branchMap":{"0":{"loc":{"start":{"line":35,"column":7},"end":{"line":37,"column":null}},"type":"cond-expr","locations":[{"start":{"line":36,"column":8},"end":{"line":37,"column":null}},{"start":{"line":37,"column":10},"end":{"line":37,"column":null}}],"line":35}},"s":{"0":3,"1":70},"f":{"0":70},"b":{"0":[0,70]},"meta":{"lastBranch":1,"lastFunction":1,"lastStatement":2,"seen":{"s:13:13:37:Infinity":0,"f:13:13:13:26":0,"s:21:2:37:Infinity":1,"b:36:8:37:Infinity:37:10:37:Infinity":0}}}
,"/Users/sofaberezina/final-project-2-semester/activity-platform/src/shared/ui/FormField/index.ts": {"path":"/Users/sofaberezina/final-project-2-semester/activity-platform/src/shared/ui/FormField/index.ts","statementMap":{},"fnMap":{},"branchMap":{},"s":{},"f":{},"b":{},"meta":{"lastBranch":0,"lastFunction":0,"lastStatement":0,"seen":{}}}
,"/Users/sofaberezina/final-project-2-semester/activity-platform/src/shared/ui/Header/Header.tsx": {"path":"/Users/sofaberezina/final-project-2-semester/activity-platform/src/shared/ui/Header/Header.tsx","statementMap":{"0":{"start":{"line":10,"column":6},"end":{"line":50,"column":null}},"1":{"start":{"line":11,"column":8},"end":{"line":11,"column":32}},"2":{"start":{"line":12,"column":8},"end":{"line":12,"column":32}},"3":{"start":{"line":13,"column":10},"end":{"line":13,"column":30}},"4":{"start":{"line":14,"column":26},"end":{"line":14,"column":56}},"5":{"start":{"line":16,"column":20},"end":{"line":16,"column":60}},"6":{"start":{"line":17,"column":17},"end":{"line":17,"column":null}},"7":{"start":{"line":18,"column":29},"end":{"line":22,"column":null}},"8":{"start":{"line":24,"column":2},"end":{"line":50,"column":null}},"9":{"start":{"line":45,"column":12},"end":{"line":45,"column":null}},"10":{"start":{"line":46,"column":12},"end":{"line":46,"column":null}}},"fnMap":{"0":{"name":"(anonymous_0)","decl":{"start":{"line":10,"column":6},"end":{"line":10,"column":31}},"loc":{"start":{"line":10,"column":31},"end":{"line":50,"column":null}},"line":10},"1":{"name":"(anonymous_1)","decl":{"start":{"line":44,"column":19},"end":{"line":44,"column":31}},"loc":{"start":{"line":44,"column":31},"end":{"line":46,"column":null}},"line":44}},"branchMap":{"0":{"loc":{"start":{"line":28,"column":7},"end":{"line":36,"column":null}},"type":"binary-expr","locations":[{"start":{"line":28,"column":7},"end":{"line":28,"column":null}},{"start":{"line":29,"column":8},"end":{"line":36,"column":null}}],"line":28},"1":{"loc":{"start":{"line":35,"column":11},"end":{"line":36,"column":null}},"type":"binary-expr","locations":[{"start":{"line":35,"column":11},"end":{"line":35,"column":null}},{"start":{"line":36,"column":12},"end":{"line":36,"column":null}}],"line":35},"2":{"loc":{"start":{"line":41,"column":7},"end":{"line":50,"column":null}},"type":"binary-expr","locations":[{"start":{"line":41,"column":7},"end":{"line":41,"column":null}},{"start":{"line":42,"column":8},"end":{"line":50,"column":null}}],"line":41}},"s":{"0":4,"1":4,"2":4,"3":4,"4":4,"5":4,"6":4,"7":4,"8":4,"9":0,"10":0},"f":{"0":4,"1":0},"b":{"0":[4,4],"1":[4,3],"2":[4,0]},"meta":{"lastBranch":3,"lastFunction":2,"lastStatement":11,"seen":{"s:10:6:50:Infinity":0,"f:10:6:10:31":0,"s:11:8:11:32":1,"s:12:8:12:32":2,"s:13:10:13:30":3,"s:14:26:14:56":4,"s:16:20:16:60":5,"s:17:17:17:Infinity":6,"s:18:29:22:Infinity":7,"s:24:2:50:Infinity":8,"b:28:7:28:Infinity:29:8:36:Infinity":0,"b:35:11:35:Infinity:36:12:36:Infinity":1,"b:41:7:41:Infinity:42:8:50:Infinity":2,"f:44:19:44:31":1,"s:45:12:45:Infinity":9,"s:46:12:46:Infinity":10}}}
,"/Users/sofaberezina/final-project-2-semester/activity-platform/src/shared/ui/Header/header.scss": {"path":"/Users/sofaberezina/final-project-2-semester/activity-platform/src/shared/ui/Header/header.scss","statementMap":{},"fnMap":{},"branchMap":{},"s":{},"f":{},"b":{},"meta":{"lastBranch":0,"lastFunction":0,"lastStatement":0,"seen":{}}}
,"/Users/sofaberezina/final-project-2-semester/activity-platform/src/shared/ui/Header/index.ts": {"path":"/Users/sofaberezina/final-project-2-semester/activity-platform/src/shared/ui/Header/index.ts","statementMap":{},"fnMap":{},"branchMap":{},"s":{},"f":{},"b":{},"meta":{"lastBranch":0,"lastFunction":0,"lastStatement":0,"seen":{}}}
,"/Users/sofaberezina/final-project-2-semester/activity-platform/src/shared/ui/Input/Input.tsx": {"path":"/Users/sofaberezina/final-project-2-semester/activity-platform/src/shared/ui/Input/Input.tsx","statementMap":{"0":{"start":{"line":4,"column":6},"end":{"line":5,"column":null}},"1":{"start":{"line":5,"column":2},"end":{"line":5,"column":null}}},"fnMap":{"0":{"name":"(anonymous_0)","decl":{"start":{"line":4,"column":6},"end":{"line":4,"column":15}},"loc":{"start":{"line":4,"column":70},"end":{"line":5,"column":null}},"line":4}},"branchMap":{},"s":{"0":3,"1":50},"f":{"0":50},"b":{},"meta":{"lastBranch":0,"lastFunction":1,"lastStatement":2,"seen":{"s:4:6:5:Infinity":0,"f:4:6:4:15":0,"s:5:2:5:Infinity":1}}}
,"/Users/sofaberezina/final-project-2-semester/activity-platform/src/shared/ui/Input/index.ts": {"path":"/Users/sofaberezina/final-project-2-semester/activity-platform/src/shared/ui/Input/index.ts","statementMap":{},"fnMap":{},"branchMap":{},"s":{},"f":{},"b":{},"meta":{"lastBranch":0,"lastFunction":0,"lastStatement":0,"seen":{}}}
,"/Users/sofaberezina/final-project-2-semester/activity-platform/src/shared/ui/Input/input.css": {"path":"/Users/sofaberezina/final-project-2-semester/activity-platform/src/shared/ui/Input/input.css","statementMap":{},"fnMap":{},"branchMap":{},"s":{},"f":{},"b":{},"meta":{"lastBranch":0,"lastFunction":0,"lastStatement":0,"seen":{}}}
,"/Users/sofaberezina/final-project-2-semester/activity-platform/src/shared/ui/Loader/Loader.tsx": {"path":"/Users/sofaberezina/final-project-2-semester/activity-platform/src/shared/ui/Loader/Loader.tsx","statementMap":{"0":{"start":{"line":3,"column":6},"end":{"line":7,"column":null}},"1":{"start":{"line":4,"column":2},"end":{"line":7,"column":null}}},"fnMap":{"0":{"name":"(anonymous_0)","decl":{"start":{"line":3,"column":6},"end":{"line":3,"column":25}},"loc":{"start":{"line":3,"column":25},"end":{"line":7,"column":null}},"line":3}},"branchMap":{},"s":{"0":4,"1":1},"f":{"0":1},"b":{},"meta":{"lastBranch":0,"lastFunction":1,"lastStatement":2,"seen":{"s:3:6:7:Infinity":0,"f:3:6:3:25":0,"s:4:2:7:Infinity":1}}}
,"/Users/sofaberezina/final-project-2-semester/activity-platform/src/shared/ui/Loader/index.ts": {"path":"/Users/sofaberezina/final-project-2-semester/activity-platform/src/shared/ui/Loader/index.ts","statementMap":{},"fnMap":{},"branchMap":{},"s":{},"f":{},"b":{},"meta":{"lastBranch":0,"lastFunction":0,"lastStatement":0,"seen":{}}}
,"/Users/sofaberezina/final-project-2-semester/activity-platform/src/shared/ui/ModalShell/ModalShell.tsx": {"path":"/Users/sofaberezina/final-project-2-semester/activity-platform/src/shared/ui/ModalShell/ModalShell.tsx","statementMap":{"0":{"start":{"line":15,"column":6},"end":{"line":56,"column":null}},"1":{"start":{"line":23,"column":2},"end":{"line":56,"column":null}}},"fnMap":{"0":{"name":"(anonymous_0)","decl":{"start":{"line":15,"column":6},"end":{"line":15,"column":20}},"loc":{"start":{"line":22,"column":24},"end":{"line":56,"column":null}},"line":22}},"branchMap":{},"s":{"0":3,"1":0},"f":{"0":0},"b":{},"meta":{"lastBranch":0,"lastFunction":1,"lastStatement":2,"seen":{"s:15:6:56:Infinity":0,"f:15:6:15:20":0,"s:23:2:56:Infinity":1}}}
,"/Users/sofaberezina/final-project-2-semester/activity-platform/src/shared/ui/ModalShell/index.ts": {"path":"/Users/sofaberezina/final-project-2-semester/activity-platform/src/shared/ui/ModalShell/index.ts","statementMap":{},"fnMap":{},"branchMap":{},"s":{},"f":{},"b":{},"meta":{"lastBranch":0,"lastFunction":0,"lastStatement":0,"seen":{}}}
,"/Users/sofaberezina/final-project-2-semester/activity-platform/src/shared/ui/Navbar/Navbar.tsx": {"path":"/Users/sofaberezina/final-project-2-semester/activity-platform/src/shared/ui/Navbar/Navbar.tsx","statementMap":{"0":{"start":{"line":9,"column":6},"end":{"line":25,"column":null}},"1":{"start":{"line":10,"column":10},"end":{"line":10,"column":28}},"2":{"start":{"line":11,"column":10},"end":{"line":11,"column":43}},"3":{"start":{"line":13,"column":2},"end":{"line":13,"column":null}},"4":{"start":{"line":13,"column":13},"end":{"line":13,"column":null}},"5":{"start":{"line":15,"column":2},"end":{"line":25,"column":null}}},"fnMap":{"0":{"name":"(anonymous_0)","decl":{"start":{"line":9,"column":6},"end":{"line":9,"column":21}},"loc":{"start":{"line":9,"column":21},"end":{"line":25,"column":null}},"line":9}},"branchMap":{"0":{"loc":{"start":{"line":13,"column":2},"end":{"line":13,"column":null}},"type":"if","locations":[{"start":{"line":13,"column":2},"end":{"line":13,"column":null}},{"start":{},"end":{}}],"line":13}},"s":{"0":3,"1":0,"2":0,"3":0,"4":0,"5":0},"f":{"0":0},"b":{"0":[0,0]},"meta":{"lastBranch":1,"lastFunction":1,"lastStatement":6,"seen":{"s:9:6:25:Infinity":0,"f:9:6:9:21":0,"s:10:10:10:28":1,"s:11:10:11:43":2,"b:13:2:13:Infinity:undefined:undefined:undefined:undefined":0,"s:13:2:13:Infinity":3,"s:13:13:13:Infinity":4,"s:15:2:25:Infinity":5}}}
,"/Users/sofaberezina/final-project-2-semester/activity-platform/src/shared/ui/Navbar/index.ts": {"path":"/Users/sofaberezina/final-project-2-semester/activity-platform/src/shared/ui/Navbar/index.ts","statementMap":{},"fnMap":{},"branchMap":{},"s":{},"f":{},"b":{},"meta":{"lastBranch":0,"lastFunction":0,"lastStatement":0,"seen":{}}}
,"/Users/sofaberezina/final-project-2-semester/activity-platform/src/shared/ui/Navbar/navbar.scss": {"path":"/Users/sofaberezina/final-project-2-semester/activity-platform/src/shared/ui/Navbar/navbar.scss","statementMap":{},"fnMap":{},"branchMap":{},"s":{},"f":{},"b":{},"meta":{"lastBranch":0,"lastFunction":0,"lastStatement":0,"seen":{}}}
,"/Users/sofaberezina/final-project-2-semester/activity-platform/src/shared/utils/mapAuthErrorCode.ts": {"path":"/Users/sofaberezina/final-project-2-semester/activity-platform/src/shared/utils/mapAuthErrorCode.ts","statementMap":{"0":{"start":{"line":1,"column":20},"end":{"line":8,"column":null}},"1":{"start":{"line":10,"column":13},"end":{"line":28,"column":null}},"2":{"start":{"line":11,"column":2},"end":{"line":28,"column":null}},"3":{"start":{"line":13,"column":6},"end":{"line":13,"column":null}},"4":{"start":{"line":16,"column":6},"end":{"line":16,"column":null}},"5":{"start":{"line":19,"column":6},"end":{"line":19,"column":null}},"6":{"start":{"line":22,"column":6},"end":{"line":22,"column":null}},"7":{"start":{"line":25,"column":6},"end":{"line":25,"column":null}},"8":{"start":{"line":28,"column":6},"end":{"line":28,"column":null}}},"fnMap":{"0":{"name":"(anonymous_0)","decl":{"start":{"line":10,"column":13},"end":{"line":10,"column":33}},"loc":{"start":{"line":10,"column":50},"end":{"line":28,"column":null}},"line":10}},"branchMap":{"0":{"loc":{"start":{"line":11,"column":2},"end":{"line":28,"column":null}},"type":"switch","locations":[{"start":{"line":12,"column":4},"end":{"line":13,"column":null}},{"start":{"line":15,"column":4},"end":{"line":16,"column":null}},{"start":{"line":18,"column":4},"end":{"line":19,"column":null}},{"start":{"line":21,"column":4},"end":{"line":22,"column":null}},{"start":{"line":24,"column":4},"end":{"line":25,"column":null}},{"start":{"line":27,"column":4},"end":{"line":28,"column":null}}],"line":11}},"s":{"0":3,"1":3,"2":0,"3":0,"4":0,"5":0,"6":0,"7":0,"8":0},"f":{"0":0},"b":{"0":[0,0,0,0,0,0]},"meta":{"lastBranch":1,"lastFunction":1,"lastStatement":9,"seen":{"s:1:20:8:Infinity":0,"s:10:13:28:Infinity":1,"f:10:13:10:33":0,"b:12:4:13:Infinity:15:4:16:Infinity:18:4:19:Infinity:21:4:22:Infinity:24:4:25:Infinity:27:4:28:Infinity":0,"s:11:2:28:Infinity":2,"s:13:6:13:Infinity":3,"s:16:6:16:Infinity":4,"s:19:6:19:Infinity":5,"s:22:6:22:Infinity":6,"s:25:6:25:Infinity":7,"s:28:6:28:Infinity":8}}}
}
